<?xml version="1.0" encoding="UTF-8"?>
<testsuite xmlns:xsi="http://www.w3.org/2001/XMLSchema-instance" xsi:noNamespaceSchemaLocation="https://maven.apache.org/surefire/maven-surefire-plugin/xsd/surefire-test-report.xsd" version="3.0.2" name="TestSuite" time="138.31" tests="2" errors="0" skipped="1" failures="0">
  <properties>
    <property name="java.specification.version" value="21"/>
    <property name="sun.cpu.isalist" value="amd64"/>
    <property name="sun.jnu.encoding" value="Cp1252"/>
    <property name="sun.awt.enableExtraMouseButtons" value="true"/>
    <property name="java.class.path" value="C:\Users\Dean.Aschendorf\source\repos\UtilipayV2_Hybrid\UtilipayV2Hybrid\target\test-classes;C:\Users\Dean.Aschendorf\source\repos\UtilipayV2_Hybrid\UtilipayV2Hybrid\target\classes;C:\Users\Dean.Aschendorf\.m2\repository\org\testng\testng\7.10.2\testng-7.10.2.jar;C:\Users\Dean.Aschendorf\.m2\repository\org\slf4j\slf4j-api\1.7.36\slf4j-api-1.7.36.jar;C:\Users\Dean.Aschendorf\.m2\repository\com\beust\jcommander\1.82\jcommander-1.82.jar;C:\Users\Dean.Aschendorf\.m2\repository\org\webjars\jquery\3.7.1\jquery-3.7.1.jar;C:\Users\Dean.Aschendorf\.m2\repository\org\seleniumhq\selenium\selenium-java\4.32.0\selenium-java-4.32.0.jar;C:\Users\Dean.Aschendorf\.m2\repository\org\seleniumhq\selenium\selenium-api\4.32.0\selenium-api-4.32.0.jar;C:\Users\Dean.Aschendorf\.m2\repository\org\jspecify\jspecify\1.0.0\jspecify-1.0.0.jar;C:\Users\Dean.Aschendorf\.m2\repository\org\seleniumhq\selenium\selenium-chrome-driver\4.32.0\selenium-chrome-driver-4.32.0.jar;C:\Users\Dean.Aschendorf\.m2\repository\com\google\auto\service\auto-service-annotations\1.1.1\auto-service-annotations-1.1.1.jar;C:\Users\Dean.Aschendorf\.m2\repository\org\seleniumhq\selenium\selenium-chromium-driver\4.32.0\selenium-chromium-driver-4.32.0.jar;C:\Users\Dean.Aschendorf\.m2\repository\org\seleniumhq\selenium\selenium-json\4.32.0\selenium-json-4.32.0.jar;C:\Users\Dean.Aschendorf\.m2\repository\org\seleniumhq\selenium\selenium-manager\4.32.0\selenium-manager-4.32.0.jar;C:\Users\Dean.Aschendorf\.m2\repository\org\seleniumhq\selenium\selenium-devtools-v134\4.32.0\selenium-devtools-v134-4.32.0.jar;C:\Users\Dean.Aschendorf\.m2\repository\org\seleniumhq\selenium\selenium-devtools-v135\4.32.0\selenium-devtools-v135-4.32.0.jar;C:\Users\Dean.Aschendorf\.m2\repository\org\seleniumhq\selenium\selenium-devtools-v136\4.32.0\selenium-devtools-v136-4.32.0.jar;C:\Users\Dean.Aschendorf\.m2\repository\org\seleniumhq\selenium\selenium-edge-driver\4.32.0\selenium-edge-driver-4.32.0.jar;C:\Users\Dean.Aschendorf\.m2\repository\org\seleniumhq\selenium\selenium-firefox-driver\4.32.0\selenium-firefox-driver-4.32.0.jar;C:\Users\Dean.Aschendorf\.m2\repository\org\seleniumhq\selenium\selenium-http\4.32.0\selenium-http-4.32.0.jar;C:\Users\Dean.Aschendorf\.m2\repository\org\seleniumhq\selenium\selenium-ie-driver\4.32.0\selenium-ie-driver-4.32.0.jar;C:\Users\Dean.Aschendorf\.m2\repository\org\seleniumhq\selenium\selenium-remote-driver\4.32.0\selenium-remote-driver-4.32.0.jar;C:\Users\Dean.Aschendorf\.m2\repository\com\google\guava\guava\33.4.8-jre\guava-33.4.8-jre.jar;C:\Users\Dean.Aschendorf\.m2\repository\com\google\guava\failureaccess\1.0.3\failureaccess-1.0.3.jar;C:\Users\Dean.Aschendorf\.m2\repository\com\google\guava\listenablefuture\9999.0-empty-to-avoid-conflict-with-guava\listenablefuture-9999.0-empty-to-avoid-conflict-with-guava.jar;C:\Users\Dean.Aschendorf\.m2\repository\com\google\errorprone\error_prone_annotations\2.36.0\error_prone_annotations-2.36.0.jar;C:\Users\Dean.Aschendorf\.m2\repository\com\google\j2objc\j2objc-annotations\3.0.0\j2objc-annotations-3.0.0.jar;C:\Users\Dean.Aschendorf\.m2\repository\io\opentelemetry\opentelemetry-api\1.49.0\opentelemetry-api-1.49.0.jar;C:\Users\Dean.Aschendorf\.m2\repository\io\opentelemetry\opentelemetry-context\1.49.0\opentelemetry-context-1.49.0.jar;C:\Users\Dean.Aschendorf\.m2\repository\io\opentelemetry\opentelemetry-exporter-logging\1.49.0\opentelemetry-exporter-logging-1.49.0.jar;C:\Users\Dean.Aschendorf\.m2\repository\io\opentelemetry\opentelemetry-sdk-common\1.49.0\opentelemetry-sdk-common-1.49.0.jar;C:\Users\Dean.Aschendorf\.m2\repository\io\opentelemetry\opentelemetry-sdk-extension-autoconfigure-spi\1.49.0\opentelemetry-sdk-extension-autoconfigure-spi-1.49.0.jar;C:\Users\Dean.Aschendorf\.m2\repository\io\opentelemetry\opentelemetry-sdk-extension-autoconfigure\1.49.0\opentelemetry-sdk-extension-autoconfigure-1.49.0.jar;C:\Users\Dean.Aschendorf\.m2\repository\io\opentelemetry\opentelemetry-sdk-trace\1.49.0\opentelemetry-sdk-trace-1.49.0.jar;C:\Users\Dean.Aschendorf\.m2\repository\io\opentelemetry\opentelemetry-sdk\1.49.0\opentelemetry-sdk-1.49.0.jar;C:\Users\Dean.Aschendorf\.m2\repository\io\opentelemetry\opentelemetry-sdk-metrics\1.49.0\opentelemetry-sdk-metrics-1.49.0.jar;C:\Users\Dean.Aschendorf\.m2\repository\io\opentelemetry\opentelemetry-sdk-logs\1.49.0\opentelemetry-sdk-logs-1.49.0.jar;C:\Users\Dean.Aschendorf\.m2\repository\org\seleniumhq\selenium\selenium-os\4.32.0\selenium-os-4.32.0.jar;C:\Users\Dean.Aschendorf\.m2\repository\org\apache\commons\commons-exec\1.4.0\commons-exec-1.4.0.jar;C:\Users\Dean.Aschendorf\.m2\repository\org\seleniumhq\selenium\selenium-safari-driver\4.32.0\selenium-safari-driver-4.32.0.jar;C:\Users\Dean.Aschendorf\.m2\repository\org\seleniumhq\selenium\selenium-support\4.32.0\selenium-support-4.32.0.jar;C:\Users\Dean.Aschendorf\.m2\repository\commons-io\commons-io\2.18.0\commons-io-2.18.0.jar;C:\Users\Dean.Aschendorf\.m2\repository\org\apache\commons\commons-lang3\3.17.0\commons-lang3-3.17.0.jar;C:\Users\Dean.Aschendorf\.m2\repository\org\apache\logging\log4j\log4j-core\2.24.3\log4j-core-2.24.3.jar;C:\Users\Dean.Aschendorf\.m2\repository\org\apache\logging\log4j\log4j-api\2.24.3\log4j-api-2.24.3.jar;C:\Users\Dean.Aschendorf\.m2\repository\org\apache\poi\poi\5.4.0\poi-5.4.0.jar;C:\Users\Dean.Aschendorf\.m2\repository\commons-codec\commons-codec\1.17.1\commons-codec-1.17.1.jar;C:\Users\Dean.Aschendorf\.m2\repository\org\apache\commons\commons-collections4\4.4\commons-collections4-4.4.jar;C:\Users\Dean.Aschendorf\.m2\repository\org\apache\commons\commons-math3\3.6.1\commons-math3-3.6.1.jar;C:\Users\Dean.Aschendorf\.m2\repository\com\zaxxer\SparseBitSet\1.3\SparseBitSet-1.3.jar;C:\Users\Dean.Aschendorf\.m2\repository\org\apache\poi\poi-ooxml\5.4.0\poi-ooxml-5.4.0.jar;C:\Users\Dean.Aschendorf\.m2\repository\org\apache\poi\poi-ooxml-lite\5.4.0\poi-ooxml-lite-5.4.0.jar;C:\Users\Dean.Aschendorf\.m2\repository\org\apache\xmlbeans\xmlbeans\5.3.0\xmlbeans-5.3.0.jar;C:\Users\Dean.Aschendorf\.m2\repository\org\apache\commons\commons-compress\1.27.1\commons-compress-1.27.1.jar;C:\Users\Dean.Aschendorf\.m2\repository\com\github\virtuald\curvesapi\1.08\curvesapi-1.08.jar;C:\Users\Dean.Aschendorf\.m2\repository\org\apache\poi\poi-ooxml-schemas\4.1.2\poi-ooxml-schemas-4.1.2.jar;C:\Users\Dean.Aschendorf\.m2\repository\com\aventstack\extentreports\5.1.2\extentreports-5.1.2.jar;C:\Users\Dean.Aschendorf\.m2\repository\io\reactivex\rxjava3\rxjava\3.1.6\rxjava-3.1.6.jar;C:\Users\Dean.Aschendorf\.m2\repository\org\reactivestreams\reactive-streams\1.0.4\reactive-streams-1.0.4.jar;C:\Users\Dean.Aschendorf\.m2\repository\org\freemarker\freemarker\2.3.32\freemarker-2.3.32.jar;C:\Users\Dean.Aschendorf\.m2\repository\org\projectlombok\lombok\1.18.26\lombok-1.18.26.jar;C:\Users\Dean.Aschendorf\.m2\repository\com\google\code\gson\gson\2.10.1\gson-2.10.1.jar;C:\Users\Dean.Aschendorf\.m2\repository\org\hibernate\orm\hibernate-core\6.6.8.Final\hibernate-core-6.6.8.Final.jar;C:\Users\Dean.Aschendorf\.m2\repository\jakarta\transaction\jakarta.transaction-api\2.0.1\jakarta.transaction-api-2.0.1.jar;C:\Users\Dean.Aschendorf\.m2\repository\org\jboss\logging\jboss-logging\3.5.0.Final\jboss-logging-3.5.0.Final.jar;C:\Users\Dean.Aschendorf\.m2\repository\org\hibernate\common\hibernate-commons-annotations\7.0.3.Final\hibernate-commons-annotations-7.0.3.Final.jar;C:\Users\Dean.Aschendorf\.m2\repository\io\smallrye\jandex\3.2.0\jandex-3.2.0.jar;C:\Users\Dean.Aschendorf\.m2\repository\com\fasterxml\classmate\1.5.1\classmate-1.5.1.jar;C:\Users\Dean.Aschendorf\.m2\repository\net\bytebuddy\byte-buddy\1.15.11\byte-buddy-1.15.11.jar;C:\Users\Dean.Aschendorf\.m2\repository\jakarta\xml\bind\jakarta.xml.bind-api\4.0.0\jakarta.xml.bind-api-4.0.0.jar;C:\Users\Dean.Aschendorf\.m2\repository\jakarta\activation\jakarta.activation-api\2.1.0\jakarta.activation-api-2.1.0.jar;C:\Users\Dean.Aschendorf\.m2\repository\org\glassfish\jaxb\jaxb-runtime\4.0.2\jaxb-runtime-4.0.2.jar;C:\Users\Dean.Aschendorf\.m2\repository\org\glassfish\jaxb\jaxb-core\4.0.2\jaxb-core-4.0.2.jar;C:\Users\Dean.Aschendorf\.m2\repository\org\eclipse\angus\angus-activation\2.0.0\angus-activation-2.0.0.jar;C:\Users\Dean.Aschendorf\.m2\repository\org\glassfish\jaxb\txw2\4.0.2\txw2-4.0.2.jar;C:\Users\Dean.Aschendorf\.m2\repository\com\sun\istack\istack-commons-runtime\4.1.1\istack-commons-runtime-4.1.1.jar;C:\Users\Dean.Aschendorf\.m2\repository\jakarta\inject\jakarta.inject-api\2.0.1\jakarta.inject-api-2.0.1.jar;C:\Users\Dean.Aschendorf\.m2\repository\org\antlr\antlr4-runtime\4.13.0\antlr4-runtime-4.13.0.jar;C:\Users\Dean.Aschendorf\.m2\repository\jakarta\persistence\jakarta.persistence-api\3.2.0\jakarta.persistence-api-3.2.0.jar;C:\Users\Dean.Aschendorf\.m2\repository\org\hibernate\validator\hibernate-validator\8.0.2.Final\hibernate-validator-8.0.2.Final.jar;C:\Users\Dean.Aschendorf\.m2\repository\jakarta\validation\jakarta.validation-api\3.0.2\jakarta.validation-api-3.0.2.jar;C:\Users\Dean.Aschendorf\.m2\repository\com\azure\azure-security-keyvault-secrets\4.9.2\azure-security-keyvault-secrets-4.9.2.jar;C:\Users\Dean.Aschendorf\.m2\repository\com\azure\azure-core\1.54.1\azure-core-1.54.1.jar;C:\Users\Dean.Aschendorf\.m2\repository\com\azure\azure-xml\1.1.0\azure-xml-1.1.0.jar;C:\Users\Dean.Aschendorf\.m2\repository\com\fasterxml\jackson\core\jackson-annotations\2.17.2\jackson-annotations-2.17.2.jar;C:\Users\Dean.Aschendorf\.m2\repository\com\fasterxml\jackson\core\jackson-core\2.17.2\jackson-core-2.17.2.jar;C:\Users\Dean.Aschendorf\.m2\repository\com\fasterxml\jackson\datatype\jackson-datatype-jsr310\2.17.2\jackson-datatype-jsr310-2.17.2.jar;C:\Users\Dean.Aschendorf\.m2\repository\io\projectreactor\reactor-core\3.4.41\reactor-core-3.4.41.jar;C:\Users\Dean.Aschendorf\.m2\repository\com\azure\azure-json\1.3.0\azure-json-1.3.0.jar;C:\Users\Dean.Aschendorf\.m2\repository\com\azure\azure-core-http-netty\1.15.7\azure-core-http-netty-1.15.7.jar;C:\Users\Dean.Aschendorf\.m2\repository\io\netty\netty-handler\4.1.115.Final\netty-handler-4.1.115.Final.jar;C:\Users\Dean.Aschendorf\.m2\repository\io\netty\netty-resolver\4.1.115.Final\netty-resolver-4.1.115.Final.jar;C:\Users\Dean.Aschendorf\.m2\repository\io\netty\netty-transport\4.1.115.Final\netty-transport-4.1.115.Final.jar;C:\Users\Dean.Aschendorf\.m2\repository\io\netty\netty-handler-proxy\4.1.115.Final\netty-handler-proxy-4.1.115.Final.jar;C:\Users\Dean.Aschendorf\.m2\repository\io\netty\netty-codec-socks\4.1.115.Final\netty-codec-socks-4.1.115.Final.jar;C:\Users\Dean.Aschendorf\.m2\repository\io\netty\netty-buffer\4.1.115.Final\netty-buffer-4.1.115.Final.jar;C:\Users\Dean.Aschendorf\.m2\repository\io\netty\netty-codec\4.1.115.Final\netty-codec-4.1.115.Final.jar;C:\Users\Dean.Aschendorf\.m2\repository\io\netty\netty-codec-http\4.1.115.Final\netty-codec-http-4.1.115.Final.jar;C:\Users\Dean.Aschendorf\.m2\repository\io\netty\netty-codec-http2\4.1.115.Final\netty-codec-http2-4.1.115.Final.jar;C:\Users\Dean.Aschendorf\.m2\repository\io\netty\netty-transport-native-unix-common\4.1.115.Final\netty-transport-native-unix-common-4.1.115.Final.jar;C:\Users\Dean.Aschendorf\.m2\repository\io\netty\netty-transport-native-epoll\4.1.115.Final\netty-transport-native-epoll-4.1.115.Final-linux-x86_64.jar;C:\Users\Dean.Aschendorf\.m2\repository\io\netty\netty-transport-classes-epoll\4.1.115.Final\netty-transport-classes-epoll-4.1.115.Final.jar;C:\Users\Dean.Aschendorf\.m2\repository\io\netty\netty-transport-native-kqueue\4.1.115.Final\netty-transport-native-kqueue-4.1.115.Final-osx-x86_64.jar;C:\Users\Dean.Aschendorf\.m2\repository\io\netty\netty-transport-classes-kqueue\4.1.115.Final\netty-transport-classes-kqueue-4.1.115.Final.jar;C:\Users\Dean.Aschendorf\.m2\repository\io\netty\netty-tcnative-boringssl-static\2.0.69.Final\netty-tcnative-boringssl-static-2.0.69.Final.jar;C:\Users\Dean.Aschendorf\.m2\repository\io\netty\netty-tcnative-classes\2.0.69.Final\netty-tcnative-classes-2.0.69.Final.jar;C:\Users\Dean.Aschendorf\.m2\repository\io\netty\netty-tcnative-boringssl-static\2.0.69.Final\netty-tcnative-boringssl-static-2.0.69.Final-linux-x86_64.jar;C:\Users\Dean.Aschendorf\.m2\repository\io\netty\netty-tcnative-boringssl-static\2.0.69.Final\netty-tcnative-boringssl-static-2.0.69.Final-linux-aarch_64.jar;C:\Users\Dean.Aschendorf\.m2\repository\io\netty\netty-tcnative-boringssl-static\2.0.69.Final\netty-tcnative-boringssl-static-2.0.69.Final-osx-x86_64.jar;C:\Users\Dean.Aschendorf\.m2\repository\io\netty\netty-tcnative-boringssl-static\2.0.69.Final\netty-tcnative-boringssl-static-2.0.69.Final-osx-aarch_64.jar;C:\Users\Dean.Aschendorf\.m2\repository\io\netty\netty-tcnative-boringssl-static\2.0.69.Final\netty-tcnative-boringssl-static-2.0.69.Final-windows-x86_64.jar;C:\Users\Dean.Aschendorf\.m2\repository\io\projectreactor\netty\reactor-netty-http\1.0.48\reactor-netty-http-1.0.48.jar;C:\Users\Dean.Aschendorf\.m2\repository\io\netty\netty-resolver-dns\4.1.112.Final\netty-resolver-dns-4.1.112.Final.jar;C:\Users\Dean.Aschendorf\.m2\repository\io\netty\netty-codec-dns\4.1.112.Final\netty-codec-dns-4.1.112.Final.jar;C:\Users\Dean.Aschendorf\.m2\repository\io\netty\netty-resolver-dns-native-macos\4.1.112.Final\netty-resolver-dns-native-macos-4.1.112.Final-osx-x86_64.jar;C:\Users\Dean.Aschendorf\.m2\repository\io\netty\netty-resolver-dns-classes-macos\4.1.112.Final\netty-resolver-dns-classes-macos-4.1.112.Final.jar;C:\Users\Dean.Aschendorf\.m2\repository\io\projectreactor\netty\reactor-netty-core\1.0.48\reactor-netty-core-1.0.48.jar;C:\Users\Dean.Aschendorf\.m2\repository\io\netty\netty-common\4.1.115.Final\netty-common-4.1.115.Final.jar;C:\Users\Dean.Aschendorf\.m2\repository\com\azure\azure-identity\1.15.4\azure-identity-1.15.4.jar;C:\Users\Dean.Aschendorf\.m2\repository\com\microsoft\azure\msal4j-persistence-extension\1.3.0\msal4j-persistence-extension-1.3.0.jar;C:\Users\Dean.Aschendorf\.m2\repository\net\java\dev\jna\jna\5.13.0\jna-5.13.0.jar;C:\Users\Dean.Aschendorf\.m2\repository\net\java\dev\jna\jna-platform\5.13.0\jna-platform-5.13.0.jar;C:\Users\Dean.Aschendorf\.m2\repository\com\microsoft\azure\azure-mgmt-resources\1.41.4\azure-mgmt-resources-1.41.4.jar;C:\Users\Dean.Aschendorf\.m2\repository\com\microsoft\azure\azure-client-runtime\1.7.14\azure-client-runtime-1.7.14.jar;C:\Users\Dean.Aschendorf\.m2\repository\com\microsoft\rest\client-runtime\1.7.14\client-runtime-1.7.14.jar;C:\Users\Dean.Aschendorf\.m2\repository\com\squareup\retrofit2\retrofit\2.6.4\retrofit-2.6.4.jar;C:\Users\Dean.Aschendorf\.m2\repository\com\squareup\okhttp3\okhttp\3.12.12\okhttp-3.12.12.jar;C:\Users\Dean.Aschendorf\.m2\repository\com\squareup\okio\okio\1.15.0\okio-1.15.0.jar;C:\Users\Dean.Aschendorf\.m2\repository\com\squareup\okhttp3\logging-interceptor\3.12.12\logging-interceptor-3.12.12.jar;C:\Users\Dean.Aschendorf\.m2\repository\com\squareup\okhttp3\okhttp-urlconnection\3.12.12\okhttp-urlconnection-3.12.12.jar;C:\Users\Dean.Aschendorf\.m2\repository\com\squareup\retrofit2\converter-jackson\2.6.4\converter-jackson-2.6.4.jar;C:\Users\Dean.Aschendorf\.m2\repository\com\fasterxml\jackson\datatype\jackson-datatype-joda\2.10.5\jackson-datatype-joda-2.10.5.jar;C:\Users\Dean.Aschendorf\.m2\repository\joda-time\joda-time\2.9.9\joda-time-2.9.9.jar;C:\Users\Dean.Aschendorf\.m2\repository\com\squareup\retrofit2\adapter-rxjava\2.6.4\adapter-rxjava-2.6.4.jar;C:\Users\Dean.Aschendorf\.m2\repository\io\reactivex\rxjava\1.3.8\rxjava-1.3.8.jar;C:\Users\Dean.Aschendorf\.m2\repository\com\microsoft\azure\azure-annotations\1.10.0\azure-annotations-1.10.0.jar;C:\Users\Dean.Aschendorf\.m2\repository\org\apache\httpcomponents\httpcore\4.4.5\httpcore-4.4.5.jar;C:\Users\Dean.Aschendorf\.m2\repository\com\microsoft\azure\msal4j\1.19.1\msal4j-1.19.1.jar;C:\Users\Dean.Aschendorf\.m2\repository\com\nimbusds\oauth2-oidc-sdk\11.23\oauth2-oidc-sdk-11.23.jar;C:\Users\Dean.Aschendorf\.m2\repository\com\github\stephenc\jcip\jcip-annotations\1.0-1\jcip-annotations-1.0-1.jar;C:\Users\Dean.Aschendorf\.m2\repository\com\nimbusds\content-type\2.3\content-type-2.3.jar;C:\Users\Dean.Aschendorf\.m2\repository\com\nimbusds\lang-tag\1.7\lang-tag-1.7.jar;C:\Users\Dean.Aschendorf\.m2\repository\com\nimbusds\nimbus-jose-jwt\10.0.1\nimbus-jose-jwt-10.0.1.jar;C:\Users\Dean.Aschendorf\.m2\repository\net\minidev\json-smart\2.5.2\json-smart-2.5.2.jar;C:\Users\Dean.Aschendorf\.m2\repository\net\minidev\accessors-smart\2.5.2\accessors-smart-2.5.2.jar;C:\Users\Dean.Aschendorf\.m2\repository\org\ow2\asm\asm\9.7.1\asm-9.7.1.jar;C:\Users\Dean.Aschendorf\.m2\repository\com\fasterxml\jackson\core\jackson-databind\2.18.1\jackson-databind-2.18.1.jar;C:\Users\Dean.Aschendorf\.m2\repository\com\microsoft\sqlserver\mssql-jdbc\12.10.0.jre11\mssql-jdbc-12.10.0.jre11.jar;C:\Users\Dean.Aschendorf\.m2\repository\io\rest-assured\rest-assured\5.5.1\rest-assured-5.5.1.jar;C:\Users\Dean.Aschendorf\.m2\repository\org\apache\groovy\groovy\4.0.22\groovy-4.0.22.jar;C:\Users\Dean.Aschendorf\.m2\repository\org\apache\groovy\groovy-xml\4.0.22\groovy-xml-4.0.22.jar;C:\Users\Dean.Aschendorf\.m2\repository\org\apache\httpcomponents\httpclient\4.5.13\httpclient-4.5.13.jar;C:\Users\Dean.Aschendorf\.m2\repository\commons-logging\commons-logging\1.2\commons-logging-1.2.jar;C:\Users\Dean.Aschendorf\.m2\repository\org\apache\httpcomponents\httpmime\4.5.13\httpmime-4.5.13.jar;C:\Users\Dean.Aschendorf\.m2\repository\org\hamcrest\hamcrest\2.2\hamcrest-2.2.jar;C:\Users\Dean.Aschendorf\.m2\repository\org\ccil\cowan\tagsoup\tagsoup\1.2.1\tagsoup-1.2.1.jar;C:\Users\Dean.Aschendorf\.m2\repository\io\rest-assured\json-path\5.5.1\json-path-5.5.1.jar;C:\Users\Dean.Aschendorf\.m2\repository\org\apache\groovy\groovy-json\4.0.22\groovy-json-4.0.22.jar;C:\Users\Dean.Aschendorf\.m2\repository\io\rest-assured\rest-assured-common\5.5.1\rest-assured-common-5.5.1.jar;C:\Users\Dean.Aschendorf\.m2\repository\io\rest-assured\xml-path\5.5.1\xml-path-5.5.1.jar;"/>
    <property name="java.vm.vendor" value="Oracle Corporation"/>
    <property name="sun.arch.data.model" value="64"/>
    <property name="user.variant" value=""/>
    <property name="java.vendor.url" value="https://java.oracle.com/"/>
    <property name="user.timezone" value="Africa/Johannesburg"/>
    <property name="os.name" value="Windows 11"/>
    <property name="java.vm.specification.version" value="21"/>
    <property name="sun.java.launcher" value="SUN_STANDARD"/>
    <property name="user.country" value="ZA"/>
    <property name="sun.boot.library.path" value="C:\Program Files\Java\jdk-21\bin"/>
    <property name="sun.java.command" value="C:\Users\Dean.Aschendorf\AppData\Local\Temp\surefire7571339644882310353\surefirebooter-20250516134815608_3.jar C:\Users\Dean.Aschendorf\AppData\Local\Temp\surefire7571339644882310353 2025-05-16T13-48-15_252-jvmRun1 surefire-20250516134815608_1tmp surefire_0-20250516134815608_2tmp"/>
    <property name="jdk.debug" value="release"/>
    <property name="surefire.test.class.path" value="C:\Users\Dean.Aschendorf\source\repos\UtilipayV2_Hybrid\UtilipayV2Hybrid\target\test-classes;C:\Users\Dean.Aschendorf\source\repos\UtilipayV2_Hybrid\UtilipayV2Hybrid\target\classes;C:\Users\Dean.Aschendorf\.m2\repository\org\testng\testng\7.10.2\testng-7.10.2.jar;C:\Users\Dean.Aschendorf\.m2\repository\org\slf4j\slf4j-api\1.7.36\slf4j-api-1.7.36.jar;C:\Users\Dean.Aschendorf\.m2\repository\com\beust\jcommander\1.82\jcommander-1.82.jar;C:\Users\Dean.Aschendorf\.m2\repository\org\webjars\jquery\3.7.1\jquery-3.7.1.jar;C:\Users\Dean.Aschendorf\.m2\repository\org\seleniumhq\selenium\selenium-java\4.32.0\selenium-java-4.32.0.jar;C:\Users\Dean.Aschendorf\.m2\repository\org\seleniumhq\selenium\selenium-api\4.32.0\selenium-api-4.32.0.jar;C:\Users\Dean.Aschendorf\.m2\repository\org\jspecify\jspecify\1.0.0\jspecify-1.0.0.jar;C:\Users\Dean.Aschendorf\.m2\repository\org\seleniumhq\selenium\selenium-chrome-driver\4.32.0\selenium-chrome-driver-4.32.0.jar;C:\Users\Dean.Aschendorf\.m2\repository\com\google\auto\service\auto-service-annotations\1.1.1\auto-service-annotations-1.1.1.jar;C:\Users\Dean.Aschendorf\.m2\repository\org\seleniumhq\selenium\selenium-chromium-driver\4.32.0\selenium-chromium-driver-4.32.0.jar;C:\Users\Dean.Aschendorf\.m2\repository\org\seleniumhq\selenium\selenium-json\4.32.0\selenium-json-4.32.0.jar;C:\Users\Dean.Aschendorf\.m2\repository\org\seleniumhq\selenium\selenium-manager\4.32.0\selenium-manager-4.32.0.jar;C:\Users\Dean.Aschendorf\.m2\repository\org\seleniumhq\selenium\selenium-devtools-v134\4.32.0\selenium-devtools-v134-4.32.0.jar;C:\Users\Dean.Aschendorf\.m2\repository\org\seleniumhq\selenium\selenium-devtools-v135\4.32.0\selenium-devtools-v135-4.32.0.jar;C:\Users\Dean.Aschendorf\.m2\repository\org\seleniumhq\selenium\selenium-devtools-v136\4.32.0\selenium-devtools-v136-4.32.0.jar;C:\Users\Dean.Aschendorf\.m2\repository\org\seleniumhq\selenium\selenium-edge-driver\4.32.0\selenium-edge-driver-4.32.0.jar;C:\Users\Dean.Aschendorf\.m2\repository\org\seleniumhq\selenium\selenium-firefox-driver\4.32.0\selenium-firefox-driver-4.32.0.jar;C:\Users\Dean.Aschendorf\.m2\repository\org\seleniumhq\selenium\selenium-http\4.32.0\selenium-http-4.32.0.jar;C:\Users\Dean.Aschendorf\.m2\repository\org\seleniumhq\selenium\selenium-ie-driver\4.32.0\selenium-ie-driver-4.32.0.jar;C:\Users\Dean.Aschendorf\.m2\repository\org\seleniumhq\selenium\selenium-remote-driver\4.32.0\selenium-remote-driver-4.32.0.jar;C:\Users\Dean.Aschendorf\.m2\repository\com\google\guava\guava\33.4.8-jre\guava-33.4.8-jre.jar;C:\Users\Dean.Aschendorf\.m2\repository\com\google\guava\failureaccess\1.0.3\failureaccess-1.0.3.jar;C:\Users\Dean.Aschendorf\.m2\repository\com\google\guava\listenablefuture\9999.0-empty-to-avoid-conflict-with-guava\listenablefuture-9999.0-empty-to-avoid-conflict-with-guava.jar;C:\Users\Dean.Aschendorf\.m2\repository\com\google\errorprone\error_prone_annotations\2.36.0\error_prone_annotations-2.36.0.jar;C:\Users\Dean.Aschendorf\.m2\repository\com\google\j2objc\j2objc-annotations\3.0.0\j2objc-annotations-3.0.0.jar;C:\Users\Dean.Aschendorf\.m2\repository\io\opentelemetry\opentelemetry-api\1.49.0\opentelemetry-api-1.49.0.jar;C:\Users\Dean.Aschendorf\.m2\repository\io\opentelemetry\opentelemetry-context\1.49.0\opentelemetry-context-1.49.0.jar;C:\Users\Dean.Aschendorf\.m2\repository\io\opentelemetry\opentelemetry-exporter-logging\1.49.0\opentelemetry-exporter-logging-1.49.0.jar;C:\Users\Dean.Aschendorf\.m2\repository\io\opentelemetry\opentelemetry-sdk-common\1.49.0\opentelemetry-sdk-common-1.49.0.jar;C:\Users\Dean.Aschendorf\.m2\repository\io\opentelemetry\opentelemetry-sdk-extension-autoconfigure-spi\1.49.0\opentelemetry-sdk-extension-autoconfigure-spi-1.49.0.jar;C:\Users\Dean.Aschendorf\.m2\repository\io\opentelemetry\opentelemetry-sdk-extension-autoconfigure\1.49.0\opentelemetry-sdk-extension-autoconfigure-1.49.0.jar;C:\Users\Dean.Aschendorf\.m2\repository\io\opentelemetry\opentelemetry-sdk-trace\1.49.0\opentelemetry-sdk-trace-1.49.0.jar;C:\Users\Dean.Aschendorf\.m2\repository\io\opentelemetry\opentelemetry-sdk\1.49.0\opentelemetry-sdk-1.49.0.jar;C:\Users\Dean.Aschendorf\.m2\repository\io\opentelemetry\opentelemetry-sdk-metrics\1.49.0\opentelemetry-sdk-metrics-1.49.0.jar;C:\Users\Dean.Aschendorf\.m2\repository\io\opentelemetry\opentelemetry-sdk-logs\1.49.0\opentelemetry-sdk-logs-1.49.0.jar;C:\Users\Dean.Aschendorf\.m2\repository\org\seleniumhq\selenium\selenium-os\4.32.0\selenium-os-4.32.0.jar;C:\Users\Dean.Aschendorf\.m2\repository\org\apache\commons\commons-exec\1.4.0\commons-exec-1.4.0.jar;C:\Users\Dean.Aschendorf\.m2\repository\org\seleniumhq\selenium\selenium-safari-driver\4.32.0\selenium-safari-driver-4.32.0.jar;C:\Users\Dean.Aschendorf\.m2\repository\org\seleniumhq\selenium\selenium-support\4.32.0\selenium-support-4.32.0.jar;C:\Users\Dean.Aschendorf\.m2\repository\commons-io\commons-io\2.18.0\commons-io-2.18.0.jar;C:\Users\Dean.Aschendorf\.m2\repository\org\apache\commons\commons-lang3\3.17.0\commons-lang3-3.17.0.jar;C:\Users\Dean.Aschendorf\.m2\repository\org\apache\logging\log4j\log4j-core\2.24.3\log4j-core-2.24.3.jar;C:\Users\Dean.Aschendorf\.m2\repository\org\apache\logging\log4j\log4j-api\2.24.3\log4j-api-2.24.3.jar;C:\Users\Dean.Aschendorf\.m2\repository\org\apache\poi\poi\5.4.0\poi-5.4.0.jar;C:\Users\Dean.Aschendorf\.m2\repository\commons-codec\commons-codec\1.17.1\commons-codec-1.17.1.jar;C:\Users\Dean.Aschendorf\.m2\repository\org\apache\commons\commons-collections4\4.4\commons-collections4-4.4.jar;C:\Users\Dean.Aschendorf\.m2\repository\org\apache\commons\commons-math3\3.6.1\commons-math3-3.6.1.jar;C:\Users\Dean.Aschendorf\.m2\repository\com\zaxxer\SparseBitSet\1.3\SparseBitSet-1.3.jar;C:\Users\Dean.Aschendorf\.m2\repository\org\apache\poi\poi-ooxml\5.4.0\poi-ooxml-5.4.0.jar;C:\Users\Dean.Aschendorf\.m2\repository\org\apache\poi\poi-ooxml-lite\5.4.0\poi-ooxml-lite-5.4.0.jar;C:\Users\Dean.Aschendorf\.m2\repository\org\apache\xmlbeans\xmlbeans\5.3.0\xmlbeans-5.3.0.jar;C:\Users\Dean.Aschendorf\.m2\repository\org\apache\commons\commons-compress\1.27.1\commons-compress-1.27.1.jar;C:\Users\Dean.Aschendorf\.m2\repository\com\github\virtuald\curvesapi\1.08\curvesapi-1.08.jar;C:\Users\Dean.Aschendorf\.m2\repository\org\apache\poi\poi-ooxml-schemas\4.1.2\poi-ooxml-schemas-4.1.2.jar;C:\Users\Dean.Aschendorf\.m2\repository\com\aventstack\extentreports\5.1.2\extentreports-5.1.2.jar;C:\Users\Dean.Aschendorf\.m2\repository\io\reactivex\rxjava3\rxjava\3.1.6\rxjava-3.1.6.jar;C:\Users\Dean.Aschendorf\.m2\repository\org\reactivestreams\reactive-streams\1.0.4\reactive-streams-1.0.4.jar;C:\Users\Dean.Aschendorf\.m2\repository\org\freemarker\freemarker\2.3.32\freemarker-2.3.32.jar;C:\Users\Dean.Aschendorf\.m2\repository\org\projectlombok\lombok\1.18.26\lombok-1.18.26.jar;C:\Users\Dean.Aschendorf\.m2\repository\com\google\code\gson\gson\2.10.1\gson-2.10.1.jar;C:\Users\Dean.Aschendorf\.m2\repository\org\hibernate\orm\hibernate-core\6.6.8.Final\hibernate-core-6.6.8.Final.jar;C:\Users\Dean.Aschendorf\.m2\repository\jakarta\transaction\jakarta.transaction-api\2.0.1\jakarta.transaction-api-2.0.1.jar;C:\Users\Dean.Aschendorf\.m2\repository\org\jboss\logging\jboss-logging\3.5.0.Final\jboss-logging-3.5.0.Final.jar;C:\Users\Dean.Aschendorf\.m2\repository\org\hibernate\common\hibernate-commons-annotations\7.0.3.Final\hibernate-commons-annotations-7.0.3.Final.jar;C:\Users\Dean.Aschendorf\.m2\repository\io\smallrye\jandex\3.2.0\jandex-3.2.0.jar;C:\Users\Dean.Aschendorf\.m2\repository\com\fasterxml\classmate\1.5.1\classmate-1.5.1.jar;C:\Users\Dean.Aschendorf\.m2\repository\net\bytebuddy\byte-buddy\1.15.11\byte-buddy-1.15.11.jar;C:\Users\Dean.Aschendorf\.m2\repository\jakarta\xml\bind\jakarta.xml.bind-api\4.0.0\jakarta.xml.bind-api-4.0.0.jar;C:\Users\Dean.Aschendorf\.m2\repository\jakarta\activation\jakarta.activation-api\2.1.0\jakarta.activation-api-2.1.0.jar;C:\Users\Dean.Aschendorf\.m2\repository\org\glassfish\jaxb\jaxb-runtime\4.0.2\jaxb-runtime-4.0.2.jar;C:\Users\Dean.Aschendorf\.m2\repository\org\glassfish\jaxb\jaxb-core\4.0.2\jaxb-core-4.0.2.jar;C:\Users\Dean.Aschendorf\.m2\repository\org\eclipse\angus\angus-activation\2.0.0\angus-activation-2.0.0.jar;C:\Users\Dean.Aschendorf\.m2\repository\org\glassfish\jaxb\txw2\4.0.2\txw2-4.0.2.jar;C:\Users\Dean.Aschendorf\.m2\repository\com\sun\istack\istack-commons-runtime\4.1.1\istack-commons-runtime-4.1.1.jar;C:\Users\Dean.Aschendorf\.m2\repository\jakarta\inject\jakarta.inject-api\2.0.1\jakarta.inject-api-2.0.1.jar;C:\Users\Dean.Aschendorf\.m2\repository\org\antlr\antlr4-runtime\4.13.0\antlr4-runtime-4.13.0.jar;C:\Users\Dean.Aschendorf\.m2\repository\jakarta\persistence\jakarta.persistence-api\3.2.0\jakarta.persistence-api-3.2.0.jar;C:\Users\Dean.Aschendorf\.m2\repository\org\hibernate\validator\hibernate-validator\8.0.2.Final\hibernate-validator-8.0.2.Final.jar;C:\Users\Dean.Aschendorf\.m2\repository\jakarta\validation\jakarta.validation-api\3.0.2\jakarta.validation-api-3.0.2.jar;C:\Users\Dean.Aschendorf\.m2\repository\com\azure\azure-security-keyvault-secrets\4.9.2\azure-security-keyvault-secrets-4.9.2.jar;C:\Users\Dean.Aschendorf\.m2\repository\com\azure\azure-core\1.54.1\azure-core-1.54.1.jar;C:\Users\Dean.Aschendorf\.m2\repository\com\azure\azure-xml\1.1.0\azure-xml-1.1.0.jar;C:\Users\Dean.Aschendorf\.m2\repository\com\fasterxml\jackson\core\jackson-annotations\2.17.2\jackson-annotations-2.17.2.jar;C:\Users\Dean.Aschendorf\.m2\repository\com\fasterxml\jackson\core\jackson-core\2.17.2\jackson-core-2.17.2.jar;C:\Users\Dean.Aschendorf\.m2\repository\com\fasterxml\jackson\datatype\jackson-datatype-jsr310\2.17.2\jackson-datatype-jsr310-2.17.2.jar;C:\Users\Dean.Aschendorf\.m2\repository\io\projectreactor\reactor-core\3.4.41\reactor-core-3.4.41.jar;C:\Users\Dean.Aschendorf\.m2\repository\com\azure\azure-json\1.3.0\azure-json-1.3.0.jar;C:\Users\Dean.Aschendorf\.m2\repository\com\azure\azure-core-http-netty\1.15.7\azure-core-http-netty-1.15.7.jar;C:\Users\Dean.Aschendorf\.m2\repository\io\netty\netty-handler\4.1.115.Final\netty-handler-4.1.115.Final.jar;C:\Users\Dean.Aschendorf\.m2\repository\io\netty\netty-resolver\4.1.115.Final\netty-resolver-4.1.115.Final.jar;C:\Users\Dean.Aschendorf\.m2\repository\io\netty\netty-transport\4.1.115.Final\netty-transport-4.1.115.Final.jar;C:\Users\Dean.Aschendorf\.m2\repository\io\netty\netty-handler-proxy\4.1.115.Final\netty-handler-proxy-4.1.115.Final.jar;C:\Users\Dean.Aschendorf\.m2\repository\io\netty\netty-codec-socks\4.1.115.Final\netty-codec-socks-4.1.115.Final.jar;C:\Users\Dean.Aschendorf\.m2\repository\io\netty\netty-buffer\4.1.115.Final\netty-buffer-4.1.115.Final.jar;C:\Users\Dean.Aschendorf\.m2\repository\io\netty\netty-codec\4.1.115.Final\netty-codec-4.1.115.Final.jar;C:\Users\Dean.Aschendorf\.m2\repository\io\netty\netty-codec-http\4.1.115.Final\netty-codec-http-4.1.115.Final.jar;C:\Users\Dean.Aschendorf\.m2\repository\io\netty\netty-codec-http2\4.1.115.Final\netty-codec-http2-4.1.115.Final.jar;C:\Users\Dean.Aschendorf\.m2\repository\io\netty\netty-transport-native-unix-common\4.1.115.Final\netty-transport-native-unix-common-4.1.115.Final.jar;C:\Users\Dean.Aschendorf\.m2\repository\io\netty\netty-transport-native-epoll\4.1.115.Final\netty-transport-native-epoll-4.1.115.Final-linux-x86_64.jar;C:\Users\Dean.Aschendorf\.m2\repository\io\netty\netty-transport-classes-epoll\4.1.115.Final\netty-transport-classes-epoll-4.1.115.Final.jar;C:\Users\Dean.Aschendorf\.m2\repository\io\netty\netty-transport-native-kqueue\4.1.115.Final\netty-transport-native-kqueue-4.1.115.Final-osx-x86_64.jar;C:\Users\Dean.Aschendorf\.m2\repository\io\netty\netty-transport-classes-kqueue\4.1.115.Final\netty-transport-classes-kqueue-4.1.115.Final.jar;C:\Users\Dean.Aschendorf\.m2\repository\io\netty\netty-tcnative-boringssl-static\2.0.69.Final\netty-tcnative-boringssl-static-2.0.69.Final.jar;C:\Users\Dean.Aschendorf\.m2\repository\io\netty\netty-tcnative-classes\2.0.69.Final\netty-tcnative-classes-2.0.69.Final.jar;C:\Users\Dean.Aschendorf\.m2\repository\io\netty\netty-tcnative-boringssl-static\2.0.69.Final\netty-tcnative-boringssl-static-2.0.69.Final-linux-x86_64.jar;C:\Users\Dean.Aschendorf\.m2\repository\io\netty\netty-tcnative-boringssl-static\2.0.69.Final\netty-tcnative-boringssl-static-2.0.69.Final-linux-aarch_64.jar;C:\Users\Dean.Aschendorf\.m2\repository\io\netty\netty-tcnative-boringssl-static\2.0.69.Final\netty-tcnative-boringssl-static-2.0.69.Final-osx-x86_64.jar;C:\Users\Dean.Aschendorf\.m2\repository\io\netty\netty-tcnative-boringssl-static\2.0.69.Final\netty-tcnative-boringssl-static-2.0.69.Final-osx-aarch_64.jar;C:\Users\Dean.Aschendorf\.m2\repository\io\netty\netty-tcnative-boringssl-static\2.0.69.Final\netty-tcnative-boringssl-static-2.0.69.Final-windows-x86_64.jar;C:\Users\Dean.Aschendorf\.m2\repository\io\projectreactor\netty\reactor-netty-http\1.0.48\reactor-netty-http-1.0.48.jar;C:\Users\Dean.Aschendorf\.m2\repository\io\netty\netty-resolver-dns\4.1.112.Final\netty-resolver-dns-4.1.112.Final.jar;C:\Users\Dean.Aschendorf\.m2\repository\io\netty\netty-codec-dns\4.1.112.Final\netty-codec-dns-4.1.112.Final.jar;C:\Users\Dean.Aschendorf\.m2\repository\io\netty\netty-resolver-dns-native-macos\4.1.112.Final\netty-resolver-dns-native-macos-4.1.112.Final-osx-x86_64.jar;C:\Users\Dean.Aschendorf\.m2\repository\io\netty\netty-resolver-dns-classes-macos\4.1.112.Final\netty-resolver-dns-classes-macos-4.1.112.Final.jar;C:\Users\Dean.Aschendorf\.m2\repository\io\projectreactor\netty\reactor-netty-core\1.0.48\reactor-netty-core-1.0.48.jar;C:\Users\Dean.Aschendorf\.m2\repository\io\netty\netty-common\4.1.115.Final\netty-common-4.1.115.Final.jar;C:\Users\Dean.Aschendorf\.m2\repository\com\azure\azure-identity\1.15.4\azure-identity-1.15.4.jar;C:\Users\Dean.Aschendorf\.m2\repository\com\microsoft\azure\msal4j-persistence-extension\1.3.0\msal4j-persistence-extension-1.3.0.jar;C:\Users\Dean.Aschendorf\.m2\repository\net\java\dev\jna\jna\5.13.0\jna-5.13.0.jar;C:\Users\Dean.Aschendorf\.m2\repository\net\java\dev\jna\jna-platform\5.13.0\jna-platform-5.13.0.jar;C:\Users\Dean.Aschendorf\.m2\repository\com\microsoft\azure\azure-mgmt-resources\1.41.4\azure-mgmt-resources-1.41.4.jar;C:\Users\Dean.Aschendorf\.m2\repository\com\microsoft\azure\azure-client-runtime\1.7.14\azure-client-runtime-1.7.14.jar;C:\Users\Dean.Aschendorf\.m2\repository\com\microsoft\rest\client-runtime\1.7.14\client-runtime-1.7.14.jar;C:\Users\Dean.Aschendorf\.m2\repository\com\squareup\retrofit2\retrofit\2.6.4\retrofit-2.6.4.jar;C:\Users\Dean.Aschendorf\.m2\repository\com\squareup\okhttp3\okhttp\3.12.12\okhttp-3.12.12.jar;C:\Users\Dean.Aschendorf\.m2\repository\com\squareup\okio\okio\1.15.0\okio-1.15.0.jar;C:\Users\Dean.Aschendorf\.m2\repository\com\squareup\okhttp3\logging-interceptor\3.12.12\logging-interceptor-3.12.12.jar;C:\Users\Dean.Aschendorf\.m2\repository\com\squareup\okhttp3\okhttp-urlconnection\3.12.12\okhttp-urlconnection-3.12.12.jar;C:\Users\Dean.Aschendorf\.m2\repository\com\squareup\retrofit2\converter-jackson\2.6.4\converter-jackson-2.6.4.jar;C:\Users\Dean.Aschendorf\.m2\repository\com\fasterxml\jackson\datatype\jackson-datatype-joda\2.10.5\jackson-datatype-joda-2.10.5.jar;C:\Users\Dean.Aschendorf\.m2\repository\joda-time\joda-time\2.9.9\joda-time-2.9.9.jar;C:\Users\Dean.Aschendorf\.m2\repository\com\squareup\retrofit2\adapter-rxjava\2.6.4\adapter-rxjava-2.6.4.jar;C:\Users\Dean.Aschendorf\.m2\repository\io\reactivex\rxjava\1.3.8\rxjava-1.3.8.jar;C:\Users\Dean.Aschendorf\.m2\repository\com\microsoft\azure\azure-annotations\1.10.0\azure-annotations-1.10.0.jar;C:\Users\Dean.Aschendorf\.m2\repository\org\apache\httpcomponents\httpcore\4.4.5\httpcore-4.4.5.jar;C:\Users\Dean.Aschendorf\.m2\repository\com\microsoft\azure\msal4j\1.19.1\msal4j-1.19.1.jar;C:\Users\Dean.Aschendorf\.m2\repository\com\nimbusds\oauth2-oidc-sdk\11.23\oauth2-oidc-sdk-11.23.jar;C:\Users\Dean.Aschendorf\.m2\repository\com\github\stephenc\jcip\jcip-annotations\1.0-1\jcip-annotations-1.0-1.jar;C:\Users\Dean.Aschendorf\.m2\repository\com\nimbusds\content-type\2.3\content-type-2.3.jar;C:\Users\Dean.Aschendorf\.m2\repository\com\nimbusds\lang-tag\1.7\lang-tag-1.7.jar;C:\Users\Dean.Aschendorf\.m2\repository\com\nimbusds\nimbus-jose-jwt\10.0.1\nimbus-jose-jwt-10.0.1.jar;C:\Users\Dean.Aschendorf\.m2\repository\net\minidev\json-smart\2.5.2\json-smart-2.5.2.jar;C:\Users\Dean.Aschendorf\.m2\repository\net\minidev\accessors-smart\2.5.2\accessors-smart-2.5.2.jar;C:\Users\Dean.Aschendorf\.m2\repository\org\ow2\asm\asm\9.7.1\asm-9.7.1.jar;C:\Users\Dean.Aschendorf\.m2\repository\com\fasterxml\jackson\core\jackson-databind\2.18.1\jackson-databind-2.18.1.jar;C:\Users\Dean.Aschendorf\.m2\repository\com\microsoft\sqlserver\mssql-jdbc\12.10.0.jre11\mssql-jdbc-12.10.0.jre11.jar;C:\Users\Dean.Aschendorf\.m2\repository\io\rest-assured\rest-assured\5.5.1\rest-assured-5.5.1.jar;C:\Users\Dean.Aschendorf\.m2\repository\org\apache\groovy\groovy\4.0.22\groovy-4.0.22.jar;C:\Users\Dean.Aschendorf\.m2\repository\org\apache\groovy\groovy-xml\4.0.22\groovy-xml-4.0.22.jar;C:\Users\Dean.Aschendorf\.m2\repository\org\apache\httpcomponents\httpclient\4.5.13\httpclient-4.5.13.jar;C:\Users\Dean.Aschendorf\.m2\repository\commons-logging\commons-logging\1.2\commons-logging-1.2.jar;C:\Users\Dean.Aschendorf\.m2\repository\org\apache\httpcomponents\httpmime\4.5.13\httpmime-4.5.13.jar;C:\Users\Dean.Aschendorf\.m2\repository\org\hamcrest\hamcrest\2.2\hamcrest-2.2.jar;C:\Users\Dean.Aschendorf\.m2\repository\org\ccil\cowan\tagsoup\tagsoup\1.2.1\tagsoup-1.2.1.jar;C:\Users\Dean.Aschendorf\.m2\repository\io\rest-assured\json-path\5.5.1\json-path-5.5.1.jar;C:\Users\Dean.Aschendorf\.m2\repository\org\apache\groovy\groovy-json\4.0.22\groovy-json-4.0.22.jar;C:\Users\Dean.Aschendorf\.m2\repository\io\rest-assured\rest-assured-common\5.5.1\rest-assured-common-5.5.1.jar;C:\Users\Dean.Aschendorf\.m2\repository\io\rest-assured\xml-path\5.5.1\xml-path-5.5.1.jar;"/>
    <property name="sun.cpu.endian" value="little"/>
    <property name="user.home" value="C:\Users\Dean.Aschendorf"/>
    <property name="user.language" value="en"/>
    <property name="java.specification.vendor" value="Oracle Corporation"/>
    <property name="java.version.date" value="2024-10-15"/>
    <property name="java.home" value="C:\Program Files\Java\jdk-21"/>
    <property name="file.separator" value="\"/>
    <property name="basedir" value="C:\Users\Dean.Aschendorf\source\repos\UtilipayV2_Hybrid\UtilipayV2Hybrid"/>
    <property name="java.vm.compressedOopsMode" value="32-bit"/>
    <property name="line.separator" value="&#10;"/>
    <property name="java.vm.specification.vendor" value="Oracle Corporation"/>
    <property name="java.specification.name" value="Java Platform API Specification"/>
    <property name="surefire.real.class.path" value="C:\Users\Dean.Aschendorf\AppData\Local\Temp\surefire7571339644882310353\surefirebooter-20250516134815608_3.jar"/>
    <property name="Browser" value="edge"/>
    <property name="user.script" value=""/>
    <property name="sun.management.compiler" value="HotSpot 64-Bit Tiered Compilers"/>
    <property name="java.runtime.version" value="21.0.5+9-LTS-239"/>
    <property name="user.name" value="DeanAschendorf"/>
    <property name="stdout.encoding" value="Cp1252"/>
    <property name="path.separator" value=";"/>
    <property name="os.version" value="10.0"/>
    <property name="java.runtime.name" value="Java(TM) SE Runtime Environment"/>
    <property name="file.encoding" value="UTF-8"/>
    <property name="java.vm.name" value="Java HotSpot(TM) 64-Bit Server VM"/>
    <property name="localRepository" value="C:\Users\Dean.Aschendorf\.m2\repository"/>
    <property name="java.vendor.url.bug" value="https://bugreport.java.com/bugreport/"/>
    <property name="java.io.tmpdir" value="C:\Users\DEAN~1.ASC\AppData\Local\Temp\"/>
    <property name="java.version" value="21.0.5"/>
    <property name="user.dir" value="C:\Users\Dean.Aschendorf\source\repos\UtilipayV2_Hybrid\UtilipayV2Hybrid"/>
    <property name="os.arch" value="amd64"/>
    <property name="java.vm.specification.name" value="Java Virtual Machine Specification"/>
    <property name="sun.os.patch.level" value=""/>
    <property name="native.encoding" value="Cp1252"/>
    <property name="java.library.path" value="C:\Program Files\Java\jdk-21\bin;C:\Windows\Sun\Java\bin;C:\Windows\system32;C:\Windows;C:\Program Files (x86)\Microsoft SDKs\Azure\CLI2\wbin;C:\Program Files\Common Files\Oracle\Java\javapath;C:\Program Files (x86)\Common Files\Oracle\Java\java8path;C:\Program Files (x86)\Common Files\Oracle\Java\javapath;C:\Program Files\Java\jdk-21\bin;C:\Windows\system32;C:\Windows;C:\Windows\System32\Wbem;C:\Windows\System32\WindowsPowerShell\v1.0\;C:\Windows\System32\OpenSSH\;C:\Program Files\WireGuard\;C:\Program Files\nodejs\;C:\Program Files\Microsoft SQL Server\150\Tools\Binn\;C:\Program Files\Microsoft SQL Server\Client SDK\ODBC\170\Tools\Binn\;C:\Program Files (x86)\Microsoft SQL Server\160\Tools\Binn\;C:\Program Files\Microsoft SQL Server\160\Tools\Binn\;C:\Program Files\Microsoft SQL Server\160\DTS\Binn\;C:\Program Files\Azure Data Studio\bin;C:\Program Files\dotnet\;C:\Program Files (x86)\Microsoft SQL Server\150\Tools\Binn\;C:\Program Files (x86)\Microsoft SQL Server\150\DTS\Binn\;C:\Program Files\Microsoft SQL Server\150\DTS\Binn\;C:\Program Files (x86)\Microsoft SQL Server\160\DTS\Binn\;C:\Program Files\apache-maven-3.9.9\bin;C:\Program Files\Git\cmd;C:\Users\Dean.Aschendorf\scoop\shims;C:\Users\Dean.Aschendorf\AppData\Local\Microsoft\WindowsApps;C:\Users\Dean.Aschendorf\AppData\Local\Programs\Microsoft VS Code\bin;C:\Users\Dean.Aschendorf\AppData\Roaming\npm;C:\Program Files\Azure Data Studio\bin;C:\Users\Dean.Aschendorf\AppData\Local\GitHubDesktop\bin;C:\Users\Dean.Aschendorf\.dotnet\tools;."/>
    <property name="java.vm.info" value="mixed mode, sharing"/>
    <property name="stderr.encoding" value="Cp1252"/>
    <property name="java.vendor" value="Oracle Corporation"/>
    <property name="java.vm.version" value="21.0.5+9-LTS-239"/>
    <property name="sun.io.unicode.encoding" value="UnicodeLittle"/>
    <property name="java.class.version" value="65.0"/>
  </properties>
  <testcase name="endToEndFlow" classname="UtilipayV2Hybrid.testCases.EndToEnd" time="0.0">
    <skipped message="End-to-end test failed: invalid selector: Unable to locate an element with the xpath expression //*[@id=\&quot;toast-container\&quot;]/div/div[2] because of the following error:&#10;SyntaxError: Failed to execute &apos;evaluate&apos; on &apos;Document&apos;: The string &apos;//*[@id=\&quot;toast-container\&quot;]/div/div[2]&apos; is not a valid XPath expression.&#10;  (Session info: MicrosoftEdge=136.0.3240.64)&#10;For documentation on this error, please visit: https://www.selenium.dev/documentation/webdriver/troubleshooting/errors#invalid-selector-exception&#10;Build info: version: &apos;4.32.0&apos;, revision: &apos;d17c8aa950&apos;&#10;System info: os.name: &apos;Windows 11&apos;, os.arch: &apos;amd64&apos;, os.version: &apos;10.0&apos;, java.version: &apos;21.0.5&apos;&#10;Driver info: org.openqa.selenium.edge.EdgeDriver&#10;Command: [7215956924f5070d886e3bec633c5148, findElement {value=//*[@id=\&quot;toast-container\&quot;]/div/div[2], using=xpath}]&#10;Capabilities {acceptInsecureCerts: false, browserName: MicrosoftEdge, browserVersion: 136.0.3240.64, fedcm:accounts: true, ms:edgeOptions: {debuggerAddress: localhost:62218}, msedge: {msedgedriverVersion: 136.0.3240.64 (e3a39d3fa3c6..., userDataDir: C:\Users\DEAN~1.ASC\AppData...}, networkConnectionEnabled: false, pageLoadStrategy: normal, platformName: windows, proxy: Proxy(), se:cdp: ws://localhost:62218/devtoo..., se:cdpVersion: 136.0.3240.64, setWindowRect: true, strictFileInteractability: false, timeouts: {implicit: 0, pageLoad: 300000, script: 30000}, unhandledPromptBehavior: dismiss and notify, webauthn:extension:credBlob: true, webauthn:extension:largeBlob: true, webauthn:extension:minPinLength: true, webauthn:extension:prf: true, webauthn:virtualAuthenticators: true}&#10;Session ID: 7215956924f5070d886e3bec633c5148"/>
    <system-out><![CDATA[2025-05-16T11:48:17.943934700Z main INFO Starting configuration XmlConfiguration[location=C:\Users\Dean.Aschendorf\source\repos\UtilipayV2_Hybrid\UtilipayV2Hybrid\target\test-classes\log4j2.xml, lastModified=2025-02-02T13:25:32.063Z]...
2025-05-16T11:48:17.946097200Z main INFO Start watching for changes to C:\Users\Dean.Aschendorf\source\repos\UtilipayV2_Hybrid\UtilipayV2Hybrid\target\test-classes\log4j2.xml every 0 seconds
2025-05-16T11:48:17.947413700Z main INFO Configuration XmlConfiguration[location=C:\Users\Dean.Aschendorf\source\repos\UtilipayV2_Hybrid\UtilipayV2Hybrid\target\test-classes\log4j2.xml, lastModified=2025-02-02T13:25:32.063Z] started.
2025-05-16T11:48:17.954325800Z main INFO Stopping configuration org.apache.logging.log4j.core.config.DefaultConfiguration@2df9b86...
2025-05-16T11:48:17.955321600Z main INFO Configuration org.apache.logging.log4j.core.config.DefaultConfiguration@2df9b86 stopped.
1. Login successful
2. Municipality Successfully created
Selected Option: Dean Municipality
]]></system-out>
    <system-err><![CDATA[SLF4J: Failed to load class "org.slf4j.impl.StaticLoggerBinder".
SLF4J: Defaulting to no-operation (NOP) logger implementation
SLF4J: See http://www.slf4j.org/codes.html#StaticLoggerBinder for further details.
]]></system-err>
  </testcase>
  <testcase name="endToEndFlow" classname="UtilipayV2Hybrid.testCases.EndToEnd" time="69.712">
    <system-out><![CDATA[2. Municipality already exists in the database — skipping creation
4. Vending channel successfully configured
5. File upload successful
Manage Sgc link clicked
Manage Tariff link clicked
6. Tariff and steps successfully created
Proceeding with action on meter: 00000000109
Transaction Breakdown:   Prepaid Breakdown
R 75   Amount (Incl VAT)
R 25   Arrears Recovered (Incl. VAT)
R 0   Basic Charge Paid
R 65.22   Vended Amount (Excl. VAT)
R 4542.04   Arrears Outstanding

6 kl @ R 1 / kl
4 kl @ R 3 / kl
11.9 kl @ R 4 / kl

Total Units:   21.9 kl   
Meter ID: 87468
Last Step: 6 kl @ R 1 / kl
4 kl @ R 3 / kl
11.9 kl @ R 4 / kl

Units: 21.9
]]></system-out>
  </testcase>
</testsuite>