<?xml version="1.0" encoding="UTF-8"?>
<!-- Generated by org.testng.reporters.JUnitReportReporter -->
<testsuite hostname="SEB-DEANAS-LPT" failures="0" tests="1" name="UtilipayV2Hybrid.testCases.EngineeringTokens" time="10.449" errors="0" timestamp="2025-06-24T07:13:52 SAST" skipped="0">
  <testcase classname="UtilipayV2Hybrid.testCases.EngineeringTokens" name="generateEngineeringTokens" time="10.449"/>
  <system-out/>
</testsuite> <!-- UtilipayV2Hybrid.testCases.EngineeringTokens -->
