<?xml version="1.0" encoding="UTF-8"?>
<!-- Generated by org.testng.reporters.JUnitReportReporter -->
<testsuite hostname="SEB-DEANAS-LPT" failures="0" tests="1" name="UtilipayV2Hybrid.testCases.OnlinePurchase" time="55.495" errors="0" timestamp="2025-08-19T14:18:10 SAST" skipped="0">
  <testcase classname="UtilipayV2Hybrid.testCases.OnlinePurchase" name="doOnlinePurchase" time="55.495"/>
  <system-out/>
</testsuite> <!-- UtilipayV2Hybrid.testCases.OnlinePurchase -->
