<?xml version="1.0" encoding="UTF-8"?>
<!-- Generated by org.testng.reporters.JUnitReportReporter -->
<testsuite hostname="SEB-DEANAS-LPT" failures="0" tests="1" name="UtilipayV2Hybrid.testCases.RegressionTesting" time="51.597" errors="0" timestamp="2025-07-23T17:08:01 SAST" skipped="0">
  <testcase classname="UtilipayV2Hybrid.testCases.RegressionTesting" name="regression" time="51.597"/>
  <system-out/>
</testsuite> <!-- UtilipayV2Hybrid.testCases.RegressionTesting -->
