<?xml version="1.0" encoding="UTF-8"?>
<!-- Generated by org.testng.reporters.JUnitReportReporter -->
<testsuite hostname="SEB-DEANAS-LPT" failures="0" tests="1" name="UtilipayV2Hybrid.testCases.ManagementFunctionToken" time="18.138" errors="0" timestamp="2025-03-17T15:27:32 SAST" skipped="0">
  <testcase classname="UtilipayV2Hybrid.testCases.ManagementFunctionToken" name="generateManagementFunctionToken" time="18.138"/>
</testsuite> <!-- UtilipayV2Hybrid.testCases.ManagementFunctionToken -->
