<?xml version="1.0" encoding="UTF-8"?>
<!-- Generated by org.testng.reporters.JUnitReportReporter -->
<testsuite hostname="SEB-DEANAS-LPT" failures="0" tests="7" name="UtilipayV2Hybrid.testCases.Api" time="13.388" errors="0" timestamp="2025-08-26T15:22:58 SAST" skipped="1">
  <testcase classname="UtilipayV2Hybrid.testCases.Api" name="emsVendTest" time="5.719"/>
  <system-out/>
  <testcase classname="UtilipayV2Hybrid.testCases.Api" name="switchMeterLookup" time="1.523">
    <skipped/>
  </testcase> <!-- switchMeterLookup -->
  <system-out/>
  <testcase classname="UtilipayV2Hybrid.testCases.Api" name="switchVend" time="1.661"/>
  <system-out/>
  <testcase classname="UtilipayV2Hybrid.testCases.Api" name="cancelTransactionTest" time="0.171"/>
  <system-out/>
  <testcase classname="UtilipayV2Hybrid.testCases.Api" name="switchMunLookup" time="0.153"/>
  <system-out/>
  <testcase classname="UtilipayV2Hybrid.testCases.Api" name="confirmTransactionTest" time="0.160"/>
  <system-out/>
  <testcase classname="UtilipayV2Hybrid.testCases.Api" name="switchMeterLookup" time="4.001"/>
  <system-out/>
</testsuite> <!-- UtilipayV2Hybrid.testCases.Api -->
