<?xml version="1.0" encoding="UTF-8"?>
<!-- Generated by org.testng.reporters.JUnitReportReporter -->
<testsuite hostname="SEB-DEANAS-LPT" failures="0" tests="1" name="UtilipayV2Hybrid.testCases.OnlinePurchase" time="55.585" errors="0" timestamp="2025-08-12T16:05:49 SAST" skipped="0">
  <testcase classname="UtilipayV2Hybrid.testCases.OnlinePurchase" name="doOnlinePurchase" time="55.585"/>
  <system-out/>
</testsuite> <!-- UtilipayV2Hybrid.testCases.OnlinePurchase -->
