<?xml version="1.0" encoding="UTF-8"?>
<!-- Generated by org.testng.reporters.JUnitReportReporter -->
<testsuite hostname="SEB-DEANAS-LPT" failures="0" tests="1" name="UtilipayV2Hybrid.testCases.DbTest" time="46.226" errors="0" timestamp="2025-03-26T10:38:26 SAST" skipped="0">
  <testcase classname="UtilipayV2Hybrid.testCases.DbTest" name="testUserExistence" time="46.226"/>
  <system-out/>
</testsuite> <!-- UtilipayV2Hybrid.testCases.DbTest -->
