<?xml version="1.0" encoding="UTF-8"?>
<!-- Generated by org.testng.reporters.JUnitReportReporter -->
<testsuite hostname="SEB-DEANAS-LPT" failures="0" tests="2" name="UtilipayV2Hybrid.testCases.RegressionTesting" time="220.969" errors="0" timestamp="2025-07-24T12:04:19 SAST" skipped="1">
  <testcase classname="UtilipayV2Hybrid.testCases.RegressionTesting" name="regression" time="196.589"/>
  <system-out/>
  <testcase classname="UtilipayV2Hybrid.testCases.RegressionTesting" name="regression" time="24.380">
    <skipped/>
  </testcase> <!-- regression -->
  <system-out/>
</testsuite> <!-- UtilipayV2Hybrid.testCases.RegressionTesting -->
