<?xml version="1.0" encoding="UTF-8"?>
<!-- Generated by org.testng.reporters.JUnitReportReporter -->
<testsuite hostname="SEB-DEANAS-LPT" failures="0" tests="1" name="UtilipayV2Hybrid.testCases.AddUser" time="19.742" errors="0" timestamp="2025-06-20T15:13:07 SAST" skipped="0">
  <testcase classname="UtilipayV2Hybrid.testCases.AddUser" name="create_New_User" time="19.742"/>
  <system-out/>
</testsuite> <!-- UtilipayV2Hybrid.testCases.AddUser -->
