<?xml version="1.0" encoding="UTF-8"?>
<!-- Generated by org.testng.reporters.JUnitReportReporter -->
<testsuite hostname="SEB-DEANAS-LPT" failures="0" tests="1" name="UtilipayV2Hybrid.testCases.AddUser" time="16.260" errors="0" timestamp="2025-09-11T11:45:48 SAST" skipped="0">
  <testcase classname="UtilipayV2Hybrid.testCases.AddUser" name="create_New_User" time="16.260"/>
  <system-out/>
</testsuite> <!-- UtilipayV2Hybrid.testCases.AddUser -->
