<?xml version="1.0" encoding="UTF-8"?>
<!-- Generated by org.testng.reporters.JUnitReportReporter -->
<testsuite hostname="SEB-DEANAS-LPT" failures="0" tests="1" name="UtilipayV2Hybrid.testCases.OnlinePurchase" time="32.025" errors="0" timestamp="2025-08-06T15:47:12 SAST" skipped="0">
  <testcase classname="UtilipayV2Hybrid.testCases.OnlinePurchase" name="doOnlinePurchase" time="32.025"/>
  <system-out/>
</testsuite> <!-- UtilipayV2Hybrid.testCases.OnlinePurchase -->
