<?xml version="1.0" encoding="UTF-8"?>
<!-- Generated by org.testng.reporters.JUnitReportReporter -->
<testsuite hostname="SEB-DEANAS-LPT" failures="0" tests="1" name="UtilipayV2Hybrid.testCases.Reporting" time="66.351" errors="0" timestamp="2025-09-18T16:30:09 SAST" skipped="0">
  <testcase classname="UtilipayV2Hybrid.testCases.Reporting" name="generateAllReportsAndAssertStatusMessages" time="66.351"/>
  <system-out/>
</testsuite> <!-- UtilipayV2Hybrid.testCases.Reporting -->
