<?xml version="1.0" encoding="UTF-8"?>
<!-- Generated by org.testng.reporters.JUnitReportReporter -->
<testsuite hostname="SEB-DEANAS-LPT" failures="0" tests="1" name="UtilipayV2Hybrid.testCases.PerformKeyChange" time="16.792" errors="0" timestamp="2025-03-27T16:03:55 SAST" skipped="0">
  <testcase classname="UtilipayV2Hybrid.testCases.PerformKeyChange" name="perform_Key_Change" time="16.792"/>
  <system-out/>
</testsuite> <!-- UtilipayV2Hybrid.testCases.PerformKeyChange -->
