<?xml version="1.0" encoding="UTF-8"?>
<!-- Generated by org.testng.reporters.JUnitReportReporter -->
<testsuite hostname="SEB-DEANAS-LPT" failures="0" tests="1" name="UtilipayV2Hybrid.testCases.VerifyLinks" time="15.201" errors="0" timestamp="2025-05-16T15:46:57 SAST" skipped="0">
  <testcase classname="UtilipayV2Hybrid.testCases.VerifyLinks" name="checkUtilipayLinks" time="15.201"/>
  <system-out/>
</testsuite> <!-- UtilipayV2Hybrid.testCases.VerifyLinks -->
