<?xml version="1.0" encoding="UTF-8"?>
<!-- Generated by org.testng.reporters.JUnitReportReporter -->
<testsuite hostname="SEB-DEANAS-LPT" failures="0" tests="1" name="UtilipayV2Hybrid.testCases.VerifyLinks" time="1.238" errors="0" timestamp="2025-06-19T09:24:15 SAST" skipped="0">
  <testcase classname="UtilipayV2Hybrid.testCases.VerifyLinks" name="checkUtilipayLinks" time="1.238"/>
  <system-out/>
</testsuite> <!-- UtilipayV2Hybrid.testCases.VerifyLinks -->
