<?xml version="1.0" encoding="UTF-8"?>
<!-- Generated by org.testng.reporters.JUnitReportReporter -->
<testsuite hostname="SEB-DEANAS-LPT" failures="0" tests="1" name="UtilipayV2Hybrid.testCases.AddUser" time="12.824" errors="0" timestamp="2025-08-04T09:42:14 SAST" skipped="0">
  <testcase classname="UtilipayV2Hybrid.testCases.AddUser" name="create_New_User" time="12.824"/>
  <system-out/>
</testsuite> <!-- UtilipayV2Hybrid.testCases.AddUser -->
