<?xml version="1.0" encoding="UTF-8"?>
<!-- Generated by org.testng.reporters.JUnitReportReporter -->
<testsuite hostname="SEB-DEANAS-LPT" failures="0" tests="1" name="UtilipayV2Hybrid.testCases.Reporting" time="58.096" errors="0" timestamp="2025-07-21T14:51:22 SAST" skipped="0">
  <testcase classname="UtilipayV2Hybrid.testCases.Reporting" name="generateAllReportsAndAssertStatusMessages" time="58.096"/>
  <system-out/>
</testsuite> <!-- UtilipayV2Hybrid.testCases.Reporting -->
