<?xml version="1.0" encoding="UTF-8"?>
<!-- Generated by org.testng.reporters.JUnitReportReporter -->
<testsuite hostname="SEB-DEANAS-LPT" failures="0" tests="2" name="UtilipayV2Hybrid.testCases.GenerateEngineeringToken" time="23.852" errors="0" timestamp="2025-06-20T10:48:13 SAST" skipped="0">
  <testcase classname="UtilipayV2Hybrid.testCases.GenerateEngineeringToken" name="generate_Engineering_Token" time="12.615"/>
  <system-out/>
  <testcase classname="UtilipayV2Hybrid.testCases.GenerateEngineeringToken" name="generate_Engineering_Token" time="11.237"/>
  <system-out/>
</testsuite> <!-- UtilipayV2Hybrid.testCases.GenerateEngineeringToken -->
