<?xml version="1.0" encoding="UTF-8"?>
<!-- Generated by org.testng.reporters.JUnitReportReporter -->
<testsuite hostname="SEB-DEANAS-LPT" failures="0" tests="1" name="UtilipayV2Hybrid.testCases.GenerateEngineeringToken" time="16.951" errors="0" timestamp="2025-03-27T16:03:55 SAST" skipped="0">
  <testcase classname="UtilipayV2Hybrid.testCases.GenerateEngineeringToken" name="generate_Engineering_Token" time="16.951"/>
  <system-out/>
</testsuite> <!-- UtilipayV2Hybrid.testCases.GenerateEngineeringToken -->
