<?xml version="1.0" encoding="UTF-8"?>
<!-- Generated by org.testng.reporters.JUnitReportReporter -->
<testsuite hostname="SEB-DEANAS-LPT" failures="0" tests="1" name="UtilipayV2Hybrid.testCases.GenerateTransactionHistory" time="124.029" errors="0" timestamp="2025-08-27T10:39:11 SAST" skipped="0">
  <testcase classname="UtilipayV2Hybrid.testCases.GenerateTransactionHistory" name="generateTranHistory" time="124.029"/>
  <system-out/>
</testsuite> <!-- UtilipayV2Hybrid.testCases.GenerateTransactionHistory -->
