<?xml version="1.0" encoding="UTF-8"?>
<!-- Generated by org.testng.reporters.JUnitReportReporter -->
<testsuite hostname="SEB-DEANAS-LPT" failures="0" tests="1" name="UtilipayV2Hybrid.testCases.AddMunicipality" time="17.005" errors="0" timestamp="2025-05-05T10:39:57 SAST" skipped="0">
  <testcase classname="UtilipayV2Hybrid.testCases.AddMunicipality" name="AddMun" time="17.005"/>
  <system-out/>
</testsuite> <!-- UtilipayV2Hybrid.testCases.AddMunicipality -->
