<?xml version="1.0" encoding="UTF-8"?>
<!-- Generated by org.testng.reporters.JUnitReportReporter -->
<testsuite hostname="SEB-DEANAS-LPT" failures="0" tests="1" name="UtilipayV2Hybrid.testCases.RegressionClean" time="266.532" errors="0" timestamp="2025-07-29T16:36:15 SAST" skipped="0">
  <testcase classname="UtilipayV2Hybrid.testCases.RegressionClean" name="regression" time="266.532"/>
  <system-out/>
</testsuite> <!-- UtilipayV2Hybrid.testCases.RegressionClean -->
