<?xml version="1.0" encoding="UTF-8"?>
<!-- Generated by org.testng.reporters.JUnitReportReporter -->
<testsuite hostname="SEB-DEANAS-LPT" failures="0" tests="5" name="UtilipayV2Hybrid.testCases.Api" time="4.799" errors="0" timestamp="2025-09-08T11:07:39 SAST" skipped="0">
  <testcase classname="UtilipayV2Hybrid.testCases.Api" name="switchMunLookup" time="0.173"/>
  <system-out/>
  <testcase classname="UtilipayV2Hybrid.testCases.Api" name="switchVend" time="1.319"/>
  <system-out/>
  <testcase classname="UtilipayV2Hybrid.testCases.Api" name="emsVendTest" time="1.278"/>
  <system-out/>
  <testcase classname="UtilipayV2Hybrid.testCases.Api" name="switchMeterLookup" time="1.875"/>
  <system-out/>
  <testcase classname="UtilipayV2Hybrid.testCases.Api" name="confirmTransactionTest" time="0.154"/>
  <system-out/>
</testsuite> <!-- UtilipayV2Hybrid.testCases.Api -->
