<?xml version="1.0" encoding="UTF-8"?>
<!-- Generated by org.testng.reporters.JUnitReportReporter -->
<testsuite hostname="SEB-DEANAS-LPT" failures="0" tests="1" name="UtilipayV2Hybrid.testCases.BulkEngineeringTokens" time="109.391" errors="0" timestamp="2025-07-21T16:52:27 SAST" skipped="0">
  <testcase classname="UtilipayV2Hybrid.testCases.BulkEngineeringTokens" name="generateEngineeringTokens" time="109.391"/>
  <system-out/>
</testsuite> <!-- UtilipayV2Hybrid.testCases.BulkEngineeringTokens -->
