<?xml version="1.0" encoding="UTF-8"?>
<!-- Generated by org.testng.reporters.JUnitReportReporter -->
<testsuite hostname="SEB-DEANAS-LPT" failures="0" tests="5" name="UtilipayV2Hybrid.testCases.Api" time="9.129" errors="0" timestamp="2025-09-05T11:55:02 SAST" skipped="0">
  <testcase classname="UtilipayV2Hybrid.testCases.Api" name="switchMunLookup" time="0.257"/>
  <system-out/>
  <testcase classname="UtilipayV2Hybrid.testCases.Api" name="switchVend" time="1.772"/>
  <system-out/>
  <testcase classname="UtilipayV2Hybrid.testCases.Api" name="switchMeterLookup" time="5.134"/>
  <system-out/>
  <testcase classname="UtilipayV2Hybrid.testCases.Api" name="emsVendTest" time="1.803"/>
  <system-out/>
  <testcase classname="UtilipayV2Hybrid.testCases.Api" name="confirmTransactionTest" time="0.163"/>
  <system-out/>
</testsuite> <!-- UtilipayV2Hybrid.testCases.Api -->
