<?xml version="1.0" encoding="UTF-8"?>
<!-- Generated by org.testng.reporters.JUnitReportReporter -->
<testsuite hostname="SEB-DEANAS-LPT" failures="0" tests="2" name="UtilipayV2Hybrid.testCases.DatabaseTest" time="4.995" errors="1" timestamp="2025-03-25T13:38:48 SAST" skipped="1">
  <testcase classname="UtilipayV2Hybrid.testCases.DatabaseTest" name="setup" time="4.995">
    <error type="java.lang.ExceptionInInitializerError">
      <![CDATA[java.lang.ExceptionInInitializerError
at UtilipayV2Hybrid.utilities.HibernateUtil.buildSessionFactory(HibernateUtil.java:14)
at UtilipayV2Hybrid.utilities.HibernateUtil.<clinit>(HibernateUtil.java:7)
at UtilipayV2Hybrid.testCases.DatabaseTest.setup(DatabaseTest.java:22)
at java.base/jdk.internal.reflect.DirectMethodHandleAccessor.invoke(DirectMethodHandleAccessor.java:103)
at java.base/java.lang.reflect.Method.invoke(Method.java:580)
at org.testng.internal.MethodInvocationHelper.invokeMethod(MethodInvocationHelper.java:133)
at org.testng.internal.MethodInvocationHelper.invokeMethodConsideringTimeout(MethodInvocationHelper.java:62)
at org.testng.internal.ConfigInvoker.invokeConfigurationMethod(ConfigInvoker.java:385)
at org.testng.internal.ConfigInvoker.invokeConfigurations(ConfigInvoker.java:321)
at org.testng.TestRunner.invokeTestConfigurations(TestRunner.java:637)
at org.testng.TestRunner.beforeRun(TestRunner.java:627)
at org.testng.TestRunner.run(TestRunner.java:589)
at org.testng.SuiteRunner.runTest(SuiteRunner.java:377)
at org.testng.SuiteRunner.runSequentially(SuiteRunner.java:371)
at org.testng.SuiteRunner.privateRun(SuiteRunner.java:332)
at org.testng.SuiteRunner.run(SuiteRunner.java:276)
at org.testng.SuiteRunnerWorker.runSuite(SuiteRunnerWorker.java:53)
at org.testng.SuiteRunnerWorker.run(SuiteRunnerWorker.java:96)
at org.testng.TestNG.runSuitesSequentially(TestNG.java:1212)
at org.testng.TestNG.runSuitesLocally(TestNG.java:1134)
at org.testng.TestNG.runSuites(TestNG.java:1063)
at org.testng.TestNG.run(TestNG.java:1031)
at org.testng.remote.AbstractRemoteTestNG.run(AbstractRemoteTestNG.java:115)
at org.testng.remote.RemoteTestNG.initAndRun(RemoteTestNG.java:293)
at org.testng.remote.RemoteTestNG.main(RemoteTestNG.java:91)
Caused by: org.hibernate.service.spi.ServiceException: Unable to create requested service [org.hibernate.engine.jdbc.env.spi.JdbcEnvironment] due to: EnvironmentCredential authentication unavailable. Environment variables are not fully configured.To mitigate this issue, please refer to the troubleshooting guidelines here at https://aka.ms/azsdk/java/identity/environmentcredential/troubleshoot
WorkloadIdentityCredential authentication unavailable. The workload options are not fully configured. See the troubleshooting guide for more information. https://aka.ms/azsdk/java/identity/workloadidentitycredential/troubleshoot
ManagedIdentityCredential authentication unavailable. Connection to IMDS endpoint cannot be established, Connect timed out.
SharedTokenCacheCredential authentication unavailable. No accounts were found in the cache.
IntelliJ authentication not available. Please login with the Azure Toolkit for IntelliJ. You may also need to upgrade to a newer version of the Azure Toolkit for IntelliJ. This authentication is supported on version 3.53 and higher. Please see https://aka.ms/azsdk/java/identity/intellijcredential/troubleshoot for more information.
AzureCliCredential authentication unavailable. Azure CLI not installed.To mitigate this issue, please refer to the troubleshooting guidelines here at https://aka.ms/azsdk/java/identity/azclicredential/troubleshoot
Azure PowerShell authentication failed using defaultpowershell(pwsh) with following error: PowerShell command failure.
Azure PowerShell authentication failed using powershell-core(powershell) with following error: Encountered error when deserializing response from Azure Power Shell.
AzureDeveloperCliCredential authentication unavailable. Azure Developer CLI not installed.To mitigate this issue, please refer to the troubleshooting guidelines here at https://aka.ms/azsdk/java/identity/azdevclicredential/troubleshootTo mitigate this issue, please refer to the troubleshooting guidelines here at https://aka.ms/azure-identity-java-default-azure-credential-troubleshoot
at org.hibernate.service.internal.AbstractServiceRegistryImpl.createService(AbstractServiceRegistryImpl.java:276)
at org.hibernate.service.internal.AbstractServiceRegistryImpl.initializeService(AbstractServiceRegistryImpl.java:238)
at org.hibernate.service.internal.AbstractServiceRegistryImpl.getService(AbstractServiceRegistryImpl.java:215)
at org.hibernate.boot.model.relational.Database.<init>(Database.java:45)
at org.hibernate.boot.internal.InFlightMetadataCollectorImpl.getDatabase(InFlightMetadataCollectorImpl.java:226)
at org.hibernate.boot.internal.InFlightMetadataCollectorImpl.<init>(InFlightMetadataCollectorImpl.java:194)
at org.hibernate.boot.model.process.spi.MetadataBuildingProcess.complete(MetadataBuildingProcess.java:171)
at org.hibernate.boot.model.process.spi.MetadataBuildingProcess.build(MetadataBuildingProcess.java:129)
at org.hibernate.boot.internal.MetadataBuilderImpl.build(MetadataBuilderImpl.java:449)
at org.hibernate.boot.internal.MetadataBuilderImpl.build(MetadataBuilderImpl.java:101)
at org.hibernate.cfg.Configuration.buildSessionFactory(Configuration.java:949)
at org.hibernate.cfg.Configuration.buildSessionFactory(Configuration.java:999)
at UtilipayV2Hybrid.utilities.HibernateUtil.buildSessionFactory(HibernateUtil.java:11)
... 24 more
Caused by: com.azure.identity.CredentialUnavailableException: EnvironmentCredential authentication unavailable. Environment variables are not fully configured.To mitigate this issue, please refer to the troubleshooting guidelines here at https://aka.ms/azsdk/java/identity/environmentcredential/troubleshoot
WorkloadIdentityCredential authentication unavailable. The workload options are not fully configured. See the troubleshooting guide for more information. https://aka.ms/azsdk/java/identity/workloadidentitycredential/troubleshoot
ManagedIdentityCredential authentication unavailable. Connection to IMDS endpoint cannot be established, Connect timed out.
SharedTokenCacheCredential authentication unavailable. No accounts were found in the cache.
IntelliJ authentication not available. Please login with the Azure Toolkit for IntelliJ. You may also need to upgrade to a newer version of the Azure Toolkit for IntelliJ. This authentication is supported on version 3.53 and higher. Please see https://aka.ms/azsdk/java/identity/intellijcredential/troubleshoot for more information.
AzureCliCredential authentication unavailable. Azure CLI not installed.To mitigate this issue, please refer to the troubleshooting guidelines here at https://aka.ms/azsdk/java/identity/azclicredential/troubleshoot
Azure PowerShell authentication failed using defaultpowershell(pwsh) with following error: PowerShell command failure.
Azure PowerShell authentication failed using powershell-core(powershell) with following error: Encountered error when deserializing response from Azure Power Shell.
AzureDeveloperCliCredential authentication unavailable. Azure Developer CLI not installed.To mitigate this issue, please refer to the troubleshooting guidelines here at https://aka.ms/azsdk/java/identity/azdevclicredential/troubleshootTo mitigate this issue, please refer to the troubleshooting guidelines here at https://aka.ms/azure-identity-java-default-azure-credential-troubleshoot
at com.azure.identity.ChainedTokenCredential.lambda$getToken$4(ChainedTokenCredential.java:110)
at reactor.core.publisher.MonoDefer.subscribe(MonoDefer.java:45)
at reactor.core.publisher.Mono.subscribe(Mono.java:4491)
at reactor.core.publisher.FluxSwitchIfEmpty$SwitchIfEmptySubscriber.onComplete(FluxSwitchIfEmpty.java:82)
at reactor.core.publisher.MonoNext$NextSubscriber.onComplete(MonoNext.java:102)
at reactor.core.publisher.FluxFlatMap$FlatMapMain.checkTerminated(FluxFlatMap.java:847)
at reactor.core.publisher.FluxFlatMap$FlatMapMain.drainLoop(FluxFlatMap.java:609)
at reactor.core.publisher.FluxFlatMap$FlatMapMain.innerComplete(FluxFlatMap.java:895)
at reactor.core.publisher.FluxFlatMap$FlatMapInner.onComplete(FluxFlatMap.java:998)
at reactor.core.publisher.Operators$MultiSubscriptionSubscriber.onComplete(Operators.java:2060)
at reactor.core.publisher.Operators.complete(Operators.java:137)
at reactor.core.publisher.MonoEmpty.subscribe(MonoEmpty.java:46)
at reactor.core.publisher.Mono.subscribe(Mono.java:4491)
at reactor.core.publisher.FluxOnErrorResume$ResumeSubscriber.onError(FluxOnErrorResume.java:103)
at reactor.core.publisher.FluxPeek$PeekSubscriber.onError(FluxPeek.java:222)
at reactor.core.publisher.FluxOnErrorResume$ResumeSubscriber.onError(FluxOnErrorResume.java:106)
at reactor.core.publisher.Operators.error(Operators.java:198)
at reactor.core.publisher.MonoError.subscribe(MonoError.java:53)
at reactor.core.publisher.Mono.subscribe(Mono.java:4491)
at reactor.core.publisher.FluxOnErrorResume$ResumeSubscriber.onError(FluxOnErrorResume.java:103)
at reactor.core.publisher.MonoPeekTerminal$MonoTerminalPeekSubscriber.onError(MonoPeekTerminal.java:258)
at reactor.core.publisher.FluxPeekFuseable$PeekConditionalSubscriber.onError(FluxPeekFuseable.java:903)
at reactor.core.publisher.FluxMap$MapConditionalSubscriber.onError(FluxMap.java:265)
at reactor.core.publisher.Operators$MultiSubscriptionSubscriber.onError(Operators.java:2065)
at reactor.core.publisher.MonoFlatMap$FlatMapMain.onNext(MonoFlatMap.java:142)
at reactor.core.publisher.FluxOnErrorResume$ResumeSubscriber.onNext(FluxOnErrorResume.java:79)
at reactor.core.publisher.Operators$MonoSubscriber.complete(Operators.java:1839)
at reactor.core.publisher.MonoFlatMap$FlatMapInner.onNext(MonoFlatMap.java:249)
at reactor.core.publisher.Operators$MonoSubscriber.complete(Operators.java:1839)
at reactor.core.publisher.MonoCompletionStage.lambda$subscribe$0(MonoCompletionStage.java:100)
at java.base/java.util.concurrent.CompletableFuture.uniHandle(CompletableFuture.java:934)
at java.base/java.util.concurrent.CompletableFuture$UniHandle.tryFire(CompletableFuture.java:911)
at java.base/java.util.concurrent.CompletableFuture.postComplete(CompletableFuture.java:510)
at java.base/java.util.concurrent.CompletableFuture$AsyncSupply.run(CompletableFuture.java:1773)
at java.base/java.util.concurrent.Executors$RunnableAdapter.call(Executors.java:572)
at java.base/java.util.concurrent.FutureTask.run(FutureTask.java:317)
at java.base/java.util.concurrent.ScheduledThreadPoolExecutor$ScheduledFutureTask.run(ScheduledThreadPoolExecutor.java:304)
at java.base/java.util.concurrent.ThreadPoolExecutor.runWorker(ThreadPoolExecutor.java:1144)
at java.base/java.util.concurrent.ThreadPoolExecutor$Worker.run(ThreadPoolExecutor.java:642)
at java.base/java.lang.VirtualThread.run(VirtualThread.java:329)
Suppressed: java.lang.Exception: #block terminated with an error
at reactor.core.publisher.BlockingOptionalMonoSubscriber.blockingGet(BlockingOptionalMonoSubscriber.java:125)
at reactor.core.publisher.Mono.blockOptional(Mono.java:1787)
at com.microsoft.sqlserver.jdbc.SQLServerSecurityUtility.getDefaultAzureCredAuthToken(SQLServerSecurityUtility.java:470)
at com.microsoft.sqlserver.jdbc.SQLServerConnection.getFedAuthToken(SQLServerConnection.java:6489)
at com.microsoft.sqlserver.jdbc.SQLServerConnection.onFedAuthInfo(SQLServerConnection.java:6304)
at com.microsoft.sqlserver.jdbc.SQLServerConnection.processFedAuthInfo(SQLServerConnection.java:6138)
at com.microsoft.sqlserver.jdbc.TDSTokenHandler.onFedAuthInfo(tdsparser.java:335)
at com.microsoft.sqlserver.jdbc.TDSParser.parse(tdsparser.java:130)
at com.microsoft.sqlserver.jdbc.TDSParser.parse(tdsparser.java:42)
at com.microsoft.sqlserver.jdbc.SQLServerConnection.sendLogon(SQLServerConnection.java:7199)
at com.microsoft.sqlserver.jdbc.SQLServerConnection.logon(SQLServerConnection.java:5743)
at com.microsoft.sqlserver.jdbc.SQLServerConnection$LogonCommand.doExecute(SQLServerConnection.java:5675)
at com.microsoft.sqlserver.jdbc.TDSCommand.execute(IOBuffer.java:7745)
at com.microsoft.sqlserver.jdbc.SQLServerConnection.executeCommand(SQLServerConnection.java:4700)
at com.microsoft.sqlserver.jdbc.SQLServerConnection.connectHelper(SQLServerConnection.java:4133)
at com.microsoft.sqlserver.jdbc.SQLServerConnection.login(SQLServerConnection.java:3690)
at com.microsoft.sqlserver.jdbc.SQLServerConnection.connectInternal(SQLServerConnection.java:3499)
at com.microsoft.sqlserver.jdbc.SQLServerConnection.connect(SQLServerConnection.java:2207)
at com.microsoft.sqlserver.jdbc.SQLServerDriver.connect(SQLServerDriver.java:1320)
at org.hibernate.engine.jdbc.connections.internal.DriverConnectionCreator.makeConnection(DriverConnectionCreator.java:40)
at org.hibernate.engine.jdbc.connections.internal.BasicConnectionCreator.createConnection(BasicConnectionCreator.java:61)
at org.hibernate.engine.jdbc.connections.internal.DriverManagerConnectionProviderImpl$PooledConnections.addConnections(DriverManagerConnectionProviderImpl.java:507)
at org.hibernate.engine.jdbc.connections.internal.DriverManagerConnectionProviderImpl$PooledConnections.<init>(DriverManagerConnectionProviderImpl.java:380)
at org.hibernate.engine.jdbc.connections.internal.DriverManagerConnectionProviderImpl$PooledConnections$Builder.build(DriverManagerConnectionProviderImpl.java:558)
at org.hibernate.engine.jdbc.connections.internal.DriverManagerConnectionProviderImpl.buildPool(DriverManagerConnectionProviderImpl.java:107)
at org.hibernate.engine.jdbc.connections.internal.DriverManagerConnectionProviderImpl.configure(DriverManagerConnectionProviderImpl.java:87)
at org.hibernate.boot.registry.internal.StandardServiceRegistryImpl.configureService(StandardServiceRegistryImpl.java:136)
at org.hibernate.service.internal.AbstractServiceRegistryImpl.initializeService(AbstractServiceRegistryImpl.java:247)
at org.hibernate.service.internal.AbstractServiceRegistryImpl.getService(AbstractServiceRegistryImpl.java:215)
at org.hibernate.service.ServiceRegistry.requireService(ServiceRegistry.java:68)
at org.hibernate.engine.jdbc.env.internal.JdbcEnvironmentInitiator.buildJdbcConnectionAccess(JdbcEnvironmentInitiator.java:434)
at org.hibernate.engine.jdbc.env.internal.JdbcEnvironmentInitiator.getJdbcEnvironmentUsingJdbcMetadata(JdbcEnvironmentInitiator.java:305)
at org.hibernate.engine.jdbc.env.internal.JdbcEnvironmentInitiator.initiateService(JdbcEnvironmentInitiator.java:129)
at org.hibernate.engine.jdbc.env.internal.JdbcEnvironmentInitiator.initiateService(JdbcEnvironmentInitiator.java:81)
at org.hibernate.boot.registry.internal.StandardServiceRegistryImpl.initiateService(StandardServiceRegistryImpl.java:130)
at org.hibernate.service.internal.AbstractServiceRegistryImpl.createService(AbstractServiceRegistryImpl.java:263)
at org.hibernate.service.internal.AbstractServiceRegistryImpl.initializeService(AbstractServiceRegistryImpl.java:238)
at org.hibernate.service.internal.AbstractServiceRegistryImpl.getService(AbstractServiceRegistryImpl.java:215)
at org.hibernate.boot.model.relational.Database.<init>(Database.java:45)
at org.hibernate.boot.internal.InFlightMetadataCollectorImpl.getDatabase(InFlightMetadataCollectorImpl.java:226)
at org.hibernate.boot.internal.InFlightMetadataCollectorImpl.<init>(InFlightMetadataCollectorImpl.java:194)
at org.hibernate.boot.model.process.spi.MetadataBuildingProcess.complete(MetadataBuildingProcess.java:171)
at org.hibernate.boot.model.process.spi.MetadataBuildingProcess.build(MetadataBuildingProcess.java:129)
at org.hibernate.boot.internal.MetadataBuilderImpl.build(MetadataBuilderImpl.java:449)
at org.hibernate.boot.internal.MetadataBuilderImpl.build(MetadataBuilderImpl.java:101)
at org.hibernate.cfg.Configuration.buildSessionFactory(Configuration.java:949)
at org.hibernate.cfg.Configuration.buildSessionFactory(Configuration.java:999)
at UtilipayV2Hybrid.utilities.HibernateUtil.buildSessionFactory(HibernateUtil.java:11)
at UtilipayV2Hybrid.utilities.HibernateUtil.<clinit>(HibernateUtil.java:7)
at UtilipayV2Hybrid.testCases.DatabaseTest.setup(DatabaseTest.java:22)
at java.base/jdk.internal.reflect.DirectMethodHandleAccessor.invoke(DirectMethodHandleAccessor.java:103)
at java.base/java.lang.reflect.Method.invoke(Method.java:580)
at org.testng.internal.MethodInvocationHelper.invokeMethod(MethodInvocationHelper.java:133)
at org.testng.internal.MethodInvocationHelper.invokeMethodConsideringTimeout(MethodInvocationHelper.java:62)
at org.testng.internal.ConfigInvoker.invokeConfigurationMethod(ConfigInvoker.java:385)
at org.testng.internal.ConfigInvoker.invokeConfigurations(ConfigInvoker.java:321)
at org.testng.TestRunner.invokeTestConfigurations(TestRunner.java:637)
at org.testng.TestRunner.beforeRun(TestRunner.java:627)
at org.testng.TestRunner.run(TestRunner.java:589)
at org.testng.SuiteRunner.runTest(SuiteRunner.java:377)
at org.testng.SuiteRunner.runSequentially(SuiteRunner.java:371)
at org.testng.SuiteRunner.privateRun(SuiteRunner.java:332)
at org.testng.SuiteRunner.run(SuiteRunner.java:276)
at org.testng.SuiteRunnerWorker.runSuite(SuiteRunnerWorker.java:53)
at org.testng.SuiteRunnerWorker.run(SuiteRunnerWorker.java:96)
at org.testng.TestNG.runSuitesSequentially(TestNG.java:1212)
at org.testng.TestNG.runSuitesLocally(TestNG.java:1134)
at org.testng.TestNG.runSuites(TestNG.java:1063)
at org.testng.TestNG.run(TestNG.java:1031)
at org.testng.remote.AbstractRemoteTestNG.run(AbstractRemoteTestNG.java:115)
at org.testng.remote.RemoteTestNG.initAndRun(RemoteTestNG.java:293)
at org.testng.remote.RemoteTestNG.main(RemoteTestNG.java:91)
]]>
    </error>
  </testcase> <!-- setup -->
  <system-out/>
  <testcase classname="UtilipayV2Hybrid.testCases.DatabaseTest" name="verifyUserExists" time="0.000">
    <skipped/>
  </testcase> <!-- verifyUserExists -->
  <system-out/>
</testsuite> <!-- UtilipayV2Hybrid.testCases.DatabaseTest -->
