<?xml version="1.0" encoding="UTF-8"?>
<!-- Generated by org.testng.reporters.JUnitReportReporter -->
<testsuite hostname="SEB-DEANAS-LPT" failures="0" tests="1" name="UtilipayV2Hybrid.testCases.Import_Export" time="12.085" errors="0" timestamp="2025-07-18T11:22:42 SAST" skipped="0">
  <testcase classname="UtilipayV2Hybrid.testCases.Import_Export" name="importExportTest" time="12.085"/>
  <system-out/>
</testsuite> <!-- UtilipayV2Hybrid.testCases.Import_Export -->
