<?xml version="1.0" encoding="UTF-8"?>
<!-- Generated by org.testng.reporters.JUnitReportReporter -->
<testsuite hostname="SEB-DEANAS-LPT" failures="0" tests="1" name="UtilipayV2Hybrid.testCases.Transact" time="9.034" errors="0" timestamp="2025-07-02T08:47:20 SAST" skipped="0">
  <testcase classname="UtilipayV2Hybrid.testCases.Transact" name="doLookup" time="9.034"/>
  <system-out/>
</testsuite> <!-- UtilipayV2Hybrid.testCases.Transact -->
