<?xml version="1.0" encoding="UTF-8"?>
<!-- Generated by org.testng.reporters.JUnitReportReporter -->
<testsuite hostname="SEB-DEANAS-LPT" failures="0" tests="1" name="UtilipayV2Hybrid.testCases.ValidLoginTest" time="50.279" errors="0" timestamp="2025-05-15T08:16:17 SAST" skipped="0">
  <testcase classname="UtilipayV2Hybrid.testCases.ValidLoginTest" name="valid_Login" time="50.279"/>
  <system-out/>
</testsuite> <!-- UtilipayV2Hybrid.testCases.ValidLoginTest -->
