<?xml version="1.0" encoding="UTF-8"?>
<!-- Generated by org.testng.reporters.JUnitReportReporter -->
<testsuite hostname="SEB-DEANAS-LPT" failures="0" tests="1" name="UtilipayV2Hybrid.testCases.DbUser" time="0.908" errors="0" timestamp="2025-04-03T09:11:32 SAST" skipped="0">
  <testcase classname="UtilipayV2Hybrid.testCases.DbUser" name="testUserExistence" time="0.908"/>
  <system-out/>
</testsuite> <!-- UtilipayV2Hybrid.testCases.DbUser -->
