<?xml version="1.0" encoding="UTF-8"?>
<!-- Generated by org.testng.reporters.JUnitReportReporter -->
<testsuite hostname="SEB-DEANAS-LPT" failures="0" tests="1" name="UtilipayV2Hybrid.testCases.AddUser" time="10.021" errors="0" timestamp="2025-09-09T17:07:08 SAST" skipped="0">
  <testcase classname="UtilipayV2Hybrid.testCases.AddUser" name="create_New_User" time="10.021"/>
  <system-out/>
</testsuite> <!-- UtilipayV2Hybrid.testCases.AddUser -->
