<?xml version="1.0" encoding="UTF-8"?>
<!-- Generated by org.testng.reporters.JUnitReportReporter -->
<testsuite hostname="SEB-DEANAS-LPT" failures="0" tests="1" name="UtilipayV2Hybrid.testCases.Import_Export" time="95.267" errors="0" timestamp="2025-07-17T12:39:52 SAST" skipped="0">
  <testcase classname="UtilipayV2Hybrid.testCases.Import_Export" name="importTest" time="95.267"/>
  <system-out/>
</testsuite> <!-- UtilipayV2Hybrid.testCases.Import_Export -->
