<?xml version="1.0" encoding="UTF-8"?>
<!-- Generated by org.testng.reporters.JUnitReportReporter -->
<testsuite hostname="SEB-DEANAS-LPT" failures="0" tests="1" name="UtilipayV2Hybrid.testCases.MtrLookup" time="6.912" errors="0" timestamp="2025-03-11T15:41:52 SAST" skipped="0">
  <testcase classname="UtilipayV2Hybrid.testCases.MtrLookup" name="doLookup" time="6.912"/>
</testsuite> <!-- UtilipayV2Hybrid.testCases.MtrLookup -->
