<?xml version="1.0" encoding="UTF-8"?>
<!-- Generated by org.testng.reporters.JUnitReportReporter -->
<testsuite hostname="SEB-DEANAS-LPT" failures="0" tests="2" name="UtilipayV2Hybrid.testCases.Reporting" time="92.041" errors="0" timestamp="2025-07-18T11:03:16 SAST" skipped="0">
  <testcase classname="UtilipayV2Hybrid.testCases.Reporting" name="generateAllReportsAndAssertStatusMessages" time="36.175"/>
  <system-out/>
  <testcase classname="UtilipayV2Hybrid.testCases.Reporting" name="generateAllReportsAndAssertStatusMessages" time="55.866"/>
  <system-out/>
</testsuite> <!-- UtilipayV2Hybrid.testCases.Reporting -->
