<?xml version="1.0" encoding="UTF-8"?>
<!-- Generated by org.testng.reporters.JUnitReportReporter -->
<testsuite hostname="SEB-DEANAS-LPT" failures="0" tests="2" name="UtilipayV2Hybrid.testCases.EndToEnd" time="120.880" errors="0" timestamp="2025-05-16T09:53:53 SAST" skipped="1">
  <testcase classname="UtilipayV2Hybrid.testCases.EndToEnd" name="endToEndFlow" time="34.474">
    <skipped/>
  </testcase> <!-- endToEndFlow -->
  <system-out/>
  <testcase classname="UtilipayV2Hybrid.testCases.EndToEnd" name="endToEndFlow" time="86.406"/>
  <system-out/>
</testsuite> <!-- UtilipayV2Hybrid.testCases.EndToEnd -->
