<?xml version="1.0" encoding="UTF-8"?>
<!-- Generated by org.testng.reporters.JUnitReportReporter -->
<testsuite hostname="SEB-DEANAS-LPT" failures="0" tests="1" name="UtilipayV2Hybrid.testCases.BulkEngineeringTokens" time="106.590" errors="0" timestamp="2025-07-21T16:08:08 SAST" skipped="0">
  <testcase classname="UtilipayV2Hybrid.testCases.BulkEngineeringTokens" name="generateEngineeringTokens" time="106.590"/>
  <system-out/>
</testsuite> <!-- UtilipayV2Hybrid.testCases.BulkEngineeringTokens -->
