<?xml version="1.0" encoding="UTF-8"?>
<!-- Generated by org.testng.reporters.JUnitReportReporter -->
<testsuite hostname="SEB-DEANAS-LPT" failures="0" tests="1" name="UtilipayV2Hybrid.testCases.RegressionClean" time="187.417" errors="0" timestamp="2025-07-24T15:14:05 SAST" skipped="0">
  <testcase classname="UtilipayV2Hybrid.testCases.RegressionClean" name="regression" time="187.417"/>
  <system-out/>
</testsuite> <!-- UtilipayV2Hybrid.testCases.RegressionClean -->
