<?xml version="1.0" encoding="UTF-8"?>
<!-- Generated by org.testng.reporters.JUnitReportReporter -->
<testsuite hostname="SEB-DEANAS-LPT" failures="0" tests="5" name="UtilipayV2Hybrid.testCases.Api" time="5.649" errors="0" timestamp="2025-09-03T10:28:00 SAST" skipped="0">
  <testcase classname="UtilipayV2Hybrid.testCases.Api" name="switchMeterLookup" time="1.866"/>
  <system-out/>
  <testcase classname="UtilipayV2Hybrid.testCases.Api" name="emsVendTest" time="1.793"/>
  <system-out/>
  <testcase classname="UtilipayV2Hybrid.testCases.Api" name="confirmTransactionTest" time="0.192"/>
  <system-out/>
  <testcase classname="UtilipayV2Hybrid.testCases.Api" name="switchMunLookup" time="0.184"/>
  <system-out/>
  <testcase classname="UtilipayV2Hybrid.testCases.Api" name="switchVend" time="1.614"/>
  <system-out/>
</testsuite> <!-- UtilipayV2Hybrid.testCases.Api -->
