<?xml version="1.0" encoding="UTF-8"?>
<!-- Generated by org.testng.reporters.JUnitReportReporter -->
<testsuite hostname="SEB-DEANAS-LPT" failures="0" tests="1" name="UtilipayV2Hybrid.testCases.Reporting" time="31.387" errors="0" timestamp="2025-07-17T08:31:30 SAST" skipped="0">
  <testcase classname="UtilipayV2Hybrid.testCases.Reporting" name="generateAllReportsAndAssertStatusMessages" time="31.387"/>
  <system-out/>
</testsuite> <!-- UtilipayV2Hybrid.testCases.Reporting -->
