<?xml version="1.0" encoding="UTF-8"?>
<!-- Generated by org.testng.reporters.JUnitReportReporter -->
<testsuite hostname="SEB-DEANAS-LPT" failures="0" tests="1" name="UtilipayV2Hybrid.testCases.ValidLoginTest" time="4.158" errors="0" timestamp="2025-04-29T11:19:20 SAST" skipped="0">
  <testcase classname="UtilipayV2Hybrid.testCases.ValidLoginTest" name="valid_Login" time="4.158"/>
</testsuite> <!-- UtilipayV2Hybrid.testCases.ValidLoginTest -->
