<?xml version="1.0" encoding="UTF-8"?>
<!-- Generated by org.testng.reporters.JUnitReportReporter -->
<testsuite hostname="SEB-DEANAS-LPT" failures="0" tests="2" name="UtilipayV2Hybrid.testCases.EndToEnd" time="107.088" errors="0" timestamp="2025-05-16T13:50:34 SAST" skipped="1">
  <testcase classname="UtilipayV2Hybrid.testCases.EndToEnd" name="endToEndFlow" time="37.238">
    <skipped/>
  </testcase> <!-- endToEndFlow -->
  <testcase classname="UtilipayV2Hybrid.testCases.EndToEnd" name="endToEndFlow" time="69.850"/>
</testsuite> <!-- UtilipayV2Hybrid.testCases.EndToEnd -->
