<?xml version="1.0" encoding="UTF-8"?>
<!-- Generated by org.testng.reporters.JUnitReportReporter -->
<testsuite hostname="SEB-DEANAS-LPT" failures="0" tests="1" name="UtilipayV2Hybrid.testCases.Import_Export" time="13.747" errors="0" timestamp="2025-04-10T15:10:55 SAST" skipped="0">
  <testcase classname="UtilipayV2Hybrid.testCases.Import_Export" name="importTest" time="13.747"/>
</testsuite> <!-- UtilipayV2Hybrid.testCases.Import_Export -->
