<?xml version="1.0" encoding="UTF-8"?>
<!-- Generated by org.testng.reporters.JUnitReportReporter -->
<testsuite hostname="SEB-DEANAS-LPT" failures="0" tests="1" name="UtilipayV2Hybrid.testCases.ManagementFunctionToken" time="0.002" errors="0" timestamp="2025-04-10T14:55:32 SAST" skipped="1">
  <testcase classname="UtilipayV2Hybrid.testCases.ManagementFunctionToken" name="generateManagementFunctionToken" time="0.002">
    <skipped/>
  </testcase> <!-- generateManagementFunctionToken -->
</testsuite> <!-- UtilipayV2Hybrid.testCases.ManagementFunctionToken -->
