<?xml version="1.0" encoding="UTF-8"?>
<!-- Generated by org.testng.reporters.JUnitReportReporter -->
<testsuite hostname="SEB-DEANAS-LPT" failures="0" tests="1" name="UtilipayV2Hybrid.testCases.GenerateEngineeringToken" time="0.000" errors="0" timestamp="2025-04-10T14:55:32 SAST" skipped="1">
  <testcase classname="UtilipayV2Hybrid.testCases.GenerateEngineeringToken" name="generate_Engineering_Token" time="0.000">
    <skipped/>
  </testcase> <!-- generate_Engineering_Token -->
</testsuite> <!-- UtilipayV2Hybrid.testCases.GenerateEngineeringToken -->
