<?xml version="1.0" encoding="UTF-8"?>
<!-- Generated by org.testng.reporters.JUnitReportReporter -->
<testsuite hostname="SEB-DEANAS-LPT" failures="0" tests="1" name="UtilipayV2Hybrid.testCases.MtrLookup" time="0.000" errors="0" timestamp="2025-04-10T14:55:32 SAST" skipped="1">
  <testcase classname="UtilipayV2Hybrid.testCases.MtrLookup" name="doLookup" time="0.000">
    <skipped/>
  </testcase> <!-- doLookup -->
</testsuite> <!-- UtilipayV2Hybrid.testCases.MtrLookup -->
